CRITICAL - 2025-11-04 07:51:14 --> Class "Redis" not found
in SYSTEMPATH/Session/Handlers/RedisHandler.php on line 138.
 1 [internal function]: CodeIgniter\Session\Handlers\RedisHandler->open('tcp://127.0.0.1:6379', 'ci_session')
 2 SYSTEMPATH/Session/Session.php(920): session_start()
 3 SYSTEMPATH/Session/Session.php(250): CodeIgniter\Session\Session->startSession()
 4 SYSTEMPATH/Config/Services.php(678): CodeIgniter\Session\Session->start()
 5 SYSTEMPATH/Config/BaseService.php(252): CodeIgniter\Config\Services::session(Object(Config\App), false)
 6 SYSTEMPATH/Config/BaseService.php(193): CodeIgniter\Config\BaseService::__callStatic('session', [...])
 7 SYSTEMPATH/Config/Services.php(645): CodeIgniter\Config\BaseService::getSharedInstance('session', null)
 8 SYSTEMPATH/Config/BaseService.php(252): CodeIgniter\Config\Services::session()
 9 SYSTEMPATH/Common.php(984): CodeIgniter\Config\BaseService::__callStatic('session', [])
10 APPPATH/Controllers/Auth.php(295): session()
11 APPPATH/Controllers/Home.php(21): App\Controllers\Auth->authorizedSession(true)
12 SYSTEMPATH/CodeIgniter.php(904): App\Controllers\Home->__construct()
13 SYSTEMPATH/CodeIgniter.php(488): CodeIgniter\CodeIgniter->createController()
14 SYSTEMPATH/CodeIgniter.php(366): CodeIgniter\CodeIgniter->handleRequest(null, Object(Config\Cache), false)
15 FCPATH/index.php(67): CodeIgniter\CodeIgniter->run()
CRITICAL - 2025-11-04 07:54:44 --> Class "Redis" not found
in SYSTEMPATH/Session/Handlers/RedisHandler.php on line 138.
 1 [internal function]: CodeIgniter\Session\Handlers\RedisHandler->open('tcp://127.0.0.1:6379', 'ci_session')
 2 SYSTEMPATH/Session/Session.php(920): session_start()
 3 SYSTEMPATH/Session/Session.php(250): CodeIgniter\Session\Session->startSession()
 4 SYSTEMPATH/Config/Services.php(678): CodeIgniter\Session\Session->start()
 5 SYSTEMPATH/Config/BaseService.php(252): CodeIgniter\Config\Services::session(Object(Config\App), false)
 6 SYSTEMPATH/Config/BaseService.php(193): CodeIgniter\Config\BaseService::__callStatic('session', [...])
 7 SYSTEMPATH/Config/Services.php(645): CodeIgniter\Config\BaseService::getSharedInstance('session', null)
 8 SYSTEMPATH/Config/BaseService.php(252): CodeIgniter\Config\Services::session()
 9 SYSTEMPATH/Common.php(984): CodeIgniter\Config\BaseService::__callStatic('session', [])
10 APPPATH/Controllers/Auth.php(295): session()
11 APPPATH/Controllers/Home.php(21): App\Controllers\Auth->authorizedSession(true)
12 SYSTEMPATH/CodeIgniter.php(904): App\Controllers\Home->__construct()
13 SYSTEMPATH/CodeIgniter.php(488): CodeIgniter\CodeIgniter->createController()
14 SYSTEMPATH/CodeIgniter.php(366): CodeIgniter\CodeIgniter->handleRequest(null, Object(Config\Cache), false)
15 FCPATH/index.php(67): CodeIgniter\CodeIgniter->run()
CRITICAL - 2025-11-04 09:46:34 --> Class "Redis" not found
in SYSTEMPATH/Session/Handlers/RedisHandler.php on line 138.
 1 [internal function]: CodeIgniter\Session\Handlers\RedisHandler->open('tcp://127.0.0.1:6379', 'ci_session')
 2 SYSTEMPATH/Session/Session.php(920): session_start()
 3 SYSTEMPATH/Session/Session.php(250): CodeIgniter\Session\Session->startSession()
 4 SYSTEMPATH/Config/Services.php(678): CodeIgniter\Session\Session->start()
 5 SYSTEMPATH/Config/BaseService.php(252): CodeIgniter\Config\Services::session(Object(Config\App), false)
 6 SYSTEMPATH/Config/BaseService.php(193): CodeIgniter\Config\BaseService::__callStatic('session', [...])
 7 SYSTEMPATH/Config/Services.php(645): CodeIgniter\Config\BaseService::getSharedInstance('session', null)
 8 SYSTEMPATH/Config/BaseService.php(252): CodeIgniter\Config\Services::session()
 9 SYSTEMPATH/Common.php(984): CodeIgniter\Config\BaseService::__callStatic('session', [])
10 APPPATH/Controllers/Auth.php(295): session()
11 APPPATH/Controllers/Home.php(21): App\Controllers\Auth->authorizedSession(true)
12 SYSTEMPATH/CodeIgniter.php(904): App\Controllers\Home->__construct()
13 SYSTEMPATH/CodeIgniter.php(488): CodeIgniter\CodeIgniter->createController()
14 SYSTEMPATH/CodeIgniter.php(366): CodeIgniter\CodeIgniter->handleRequest(null, Object(Config\Cache), false)
15 FCPATH/index.php(67): CodeIgniter\CodeIgniter->run()
CRITICAL - 2025-11-04 13:09:19 --> Class "Redis" not found
in SYSTEMPATH/Session/Handlers/RedisHandler.php on line 138.
 1 [internal function]: CodeIgniter\Session\Handlers\RedisHandler->open('tcp://127.0.0.1:6379', 'ci_session')
 2 SYSTEMPATH/Session/Session.php(920): session_start()
 3 SYSTEMPATH/Session/Session.php(250): CodeIgniter\Session\Session->startSession()
 4 SYSTEMPATH/Config/Services.php(678): CodeIgniter\Session\Session->start()
 5 SYSTEMPATH/Config/BaseService.php(252): CodeIgniter\Config\Services::session(Object(Config\App), false)
 6 SYSTEMPATH/Config/BaseService.php(193): CodeIgniter\Config\BaseService::__callStatic('session', [...])
 7 SYSTEMPATH/Config/Services.php(645): CodeIgniter\Config\BaseService::getSharedInstance('session', null)
 8 SYSTEMPATH/Config/BaseService.php(252): CodeIgniter\Config\Services::session()
 9 SYSTEMPATH/Common.php(984): CodeIgniter\Config\BaseService::__callStatic('session', [])
10 APPPATH/Controllers/Auth.php(295): session()
11 APPPATH/Controllers/Home.php(21): App\Controllers\Auth->authorizedSession(true)
12 SYSTEMPATH/CodeIgniter.php(904): App\Controllers\Home->__construct()
13 SYSTEMPATH/CodeIgniter.php(488): CodeIgniter\CodeIgniter->createController()
14 SYSTEMPATH/CodeIgniter.php(366): CodeIgniter\CodeIgniter->handleRequest(null, Object(Config\Cache), false)
15 FCPATH/index.php(67): CodeIgniter\CodeIgniter->run()
CRITICAL - 2025-11-04 13:31:25 --> Class "Redis" not found
in SYSTEMPATH/Session/Handlers/RedisHandler.php on line 138.
 1 [internal function]: CodeIgniter\Session\Handlers\RedisHandler->open('tcp://127.0.0.1:6379', 'ci_session')
 2 SYSTEMPATH/Session/Session.php(920): session_start()
 3 SYSTEMPATH/Session/Session.php(250): CodeIgniter\Session\Session->startSession()
 4 SYSTEMPATH/Config/Services.php(678): CodeIgniter\Session\Session->start()
 5 SYSTEMPATH/Config/BaseService.php(252): CodeIgniter\Config\Services::session(Object(Config\App), false)
 6 SYSTEMPATH/Config/BaseService.php(193): CodeIgniter\Config\BaseService::__callStatic('session', [...])
 7 SYSTEMPATH/Config/Services.php(645): CodeIgniter\Config\BaseService::getSharedInstance('session', null)
 8 SYSTEMPATH/Config/BaseService.php(252): CodeIgniter\Config\Services::session()
 9 SYSTEMPATH/Common.php(984): CodeIgniter\Config\BaseService::__callStatic('session', [])
10 APPPATH/Controllers/Auth.php(295): session()
11 APPPATH/Controllers/Home.php(21): App\Controllers\Auth->authorizedSession(true)
12 SYSTEMPATH/CodeIgniter.php(904): App\Controllers\Home->__construct()
13 SYSTEMPATH/CodeIgniter.php(488): CodeIgniter\CodeIgniter->createController()
14 SYSTEMPATH/CodeIgniter.php(366): CodeIgniter\CodeIgniter->handleRequest(null, Object(Config\Cache), false)
15 FCPATH/index.php(67): CodeIgniter\CodeIgniter->run()
CRITICAL - 2025-11-04 21:30:15 --> Class "Redis" not found
in SYSTEMPATH/Session/Handlers/RedisHandler.php on line 138.
 1 [internal function]: CodeIgniter\Session\Handlers\RedisHandler->open('tcp://127.0.0.1:6379', 'ci_session')
 2 SYSTEMPATH/Session/Session.php(920): session_start()
 3 SYSTEMPATH/Session/Session.php(250): CodeIgniter\Session\Session->startSession()
 4 SYSTEMPATH/Config/Services.php(678): CodeIgniter\Session\Session->start()
 5 SYSTEMPATH/Config/BaseService.php(252): CodeIgniter\Config\Services::session(Object(Config\App), false)
 6 SYSTEMPATH/Config/BaseService.php(193): CodeIgniter\Config\BaseService::__callStatic('session', [...])
 7 SYSTEMPATH/Config/Services.php(645): CodeIgniter\Config\BaseService::getSharedInstance('session', null)
 8 SYSTEMPATH/Config/BaseService.php(252): CodeIgniter\Config\Services::session()
 9 SYSTEMPATH/Common.php(984): CodeIgniter\Config\BaseService::__callStatic('session', [])
10 APPPATH/Controllers/Auth.php(295): session()
11 APPPATH/Controllers/Home.php(21): App\Controllers\Auth->authorizedSession(true)
12 SYSTEMPATH/CodeIgniter.php(904): App\Controllers\Home->__construct()
13 SYSTEMPATH/CodeIgniter.php(488): CodeIgniter\CodeIgniter->createController()
14 SYSTEMPATH/CodeIgniter.php(366): CodeIgniter\CodeIgniter->handleRequest(null, Object(Config\Cache), false)
15 FCPATH/index.php(67): CodeIgniter\CodeIgniter->run()
