CRITICAL - 2025-10-09 09:44:47 --> Call to a member function where() on array
in APPPATH/Controllers/ProductosDescuentos.php on line 156.
 1 SYSTEMPATH/CodeIgniter.php(932): App\Controllers\ProductosDescuentos->selectorProducto()
 2 SYSTEMPATH/CodeIgniter.php(497): CodeIgniter\CodeIgniter->runController(Object(App\Controllers\ProductosDescuentos))
 3 SYSTEMPATH/CodeIgniter.php(366): CodeIgniter\CodeIgniter->handleRequest(null, Object(Config\Cache), false)
 4 FCPATH/index.php(67): CodeIgniter\CodeIgniter->run()
CRITICAL - 2025-10-09 09:57:44 --> Call to a member function findAll() on array
in APPPATH/Controllers/ProductosDescuentos.php on line 166.
 1 SYSTEMPATH/CodeIgniter.php(932): App\Controllers\ProductosDescuentos->selectorProducto()
 2 SYSTEMPATH/CodeIgniter.php(497): CodeIgniter\CodeIgniter->runController(Object(App\Controllers\ProductosDescuentos))
 3 SYSTEMPATH/CodeIgniter.php(366): CodeIgniter\CodeIgniter->handleRequest(null, Object(Config\Cache), false)
 4 FCPATH/index.php(67): CodeIgniter\CodeIgniter->run()
CRITICAL - 2025-10-09 09:57:45 --> Call to a member function where() on array
in APPPATH/Controllers/ProductosDescuentos.php on line 156.
 1 SYSTEMPATH/CodeIgniter.php(932): App\Controllers\ProductosDescuentos->selectorProducto()
 2 SYSTEMPATH/CodeIgniter.php(497): CodeIgniter\CodeIgniter->runController(Object(App\Controllers\ProductosDescuentos))
 3 SYSTEMPATH/CodeIgniter.php(366): CodeIgniter\CodeIgniter->handleRequest(null, Object(Config\Cache), false)
 4 FCPATH/index.php(67): CodeIgniter\CodeIgniter->run()
DEBUG - 2025-10-09 10:34:03 --> SESION ELIMINADA DE:1
DEBUG - 2025-10-09 10:35:59 --> SESION ELIMINADA DE:1
CRITICAL - 2025-10-09 15:05:11 --> Invalid file: "/pages/productos/esquemasDescuentos.php"
in SYSTEMPATH/Exceptions/FrameworkException.php on line 33.
 1 SYSTEMPATH/View/View.php(212): CodeIgniter\Exceptions\FrameworkException::forInvalidFile('/pages/productos/esquemasDescuentos.php')
 2 SYSTEMPATH/Common.php(1176): CodeIgniter\View\View->render('/pages/productos/esquemasDescuentos', [], true)
 3 APPPATH/Controllers/Productos.php(119): view('/pages/productos/esquemasDescuentos', [...])
 4 SYSTEMPATH/CodeIgniter.php(932): App\Controllers\Productos->esquemaDescuentos('400000024')
 5 SYSTEMPATH/CodeIgniter.php(497): CodeIgniter\CodeIgniter->runController(Object(App\Controllers\Productos))
 6 SYSTEMPATH/CodeIgniter.php(366): CodeIgniter\CodeIgniter->handleRequest(null, Object(Config\Cache), false)
 7 FCPATH/index.php(67): CodeIgniter\CodeIgniter->run()
CRITICAL - 2025-10-09 15:06:05 --> Invalid file: "/pages/productos/esquemasDescuentos.php"
in SYSTEMPATH/Exceptions/FrameworkException.php on line 33.
 1 SYSTEMPATH/View/View.php(212): CodeIgniter\Exceptions\FrameworkException::forInvalidFile('/pages/productos/esquemasDescuentos.php')
 2 SYSTEMPATH/Common.php(1176): CodeIgniter\View\View->render('/pages/productos/esquemasDescuentos', [], true)
 3 APPPATH/Controllers/Productos.php(119): view('/pages/productos/esquemasDescuentos', [...])
 4 SYSTEMPATH/CodeIgniter.php(932): App\Controllers\Productos->esquemaDescuentos('400000024')
 5 SYSTEMPATH/CodeIgniter.php(497): CodeIgniter\CodeIgniter->runController(Object(App\Controllers\Productos))
 6 SYSTEMPATH/CodeIgniter.php(366): CodeIgniter\CodeIgniter->handleRequest(null, Object(Config\Cache), false)
 7 FCPATH/index.php(67): CodeIgniter\CodeIgniter->run()
ERROR - 2025-10-09 15:06:45 --> error en productos/listar: ErrorException: Undefined property: App\Controllers\Productos::$esquemaDescuentos in /opt/homebrew/var/www/admindufar-v2/app/Controllers/Productos.php:174
Stack trace:
#0 /opt/homebrew/var/www/admindufar-v2/app/Controllers/Productos.php(174): CodeIgniter\Debug\Exceptions->errorHandler(2, 'Undefined prope...', '/opt/homebrew/v...', 174)
#1 /opt/homebrew/var/www/admindufar-v2/system/CodeIgniter.php(932): App\Controllers\Productos->listarEsquemaDescuentos('400000024')
#2 /opt/homebrew/var/www/admindufar-v2/system/CodeIgniter.php(497): CodeIgniter\CodeIgniter->runController(Object(App\Controllers\Productos))
#3 /opt/homebrew/var/www/admindufar-v2/system/CodeIgniter.php(366): CodeIgniter\CodeIgniter->handleRequest(NULL, Object(Config\Cache), false)
#4 /opt/homebrew/var/www/admindufar-v2/index.php(67): CodeIgniter\CodeIgniter->run()
#5 {main}
ERROR - 2025-10-09 15:08:26 --> error en productos/listar: ErrorException: Undefined property: App\Controllers\Productos::$esquemaDescuentos in /opt/homebrew/var/www/admindufar-v2/app/Controllers/Productos.php:174
Stack trace:
#0 /opt/homebrew/var/www/admindufar-v2/app/Controllers/Productos.php(174): CodeIgniter\Debug\Exceptions->errorHandler(2, 'Undefined prope...', '/opt/homebrew/v...', 174)
#1 /opt/homebrew/var/www/admindufar-v2/system/CodeIgniter.php(932): App\Controllers\Productos->listarEsquemaDescuentos('400000024')
#2 /opt/homebrew/var/www/admindufar-v2/system/CodeIgniter.php(497): CodeIgniter\CodeIgniter->runController(Object(App\Controllers\Productos))
#3 /opt/homebrew/var/www/admindufar-v2/system/CodeIgniter.php(366): CodeIgniter\CodeIgniter->handleRequest(NULL, Object(Config\Cache), false)
#4 /opt/homebrew/var/www/admindufar-v2/index.php(67): CodeIgniter\CodeIgniter->run()
#5 {main}
ERROR - 2025-10-09 15:09:26 --> mysqli_sql_exception: Unknown column 'tp.descripion' in 'field list' in /opt/homebrew/var/www/admindufar-v2/system/Database/MySQLi/Connection.php:295
Stack trace:
#0 /opt/homebrew/var/www/admindufar-v2/system/Database/MySQLi/Connection.php(295): mysqli->query('SELECT `esquema...', 0)
#1 /opt/homebrew/var/www/admindufar-v2/system/Database/BaseConnection.php(692): CodeIgniter\Database\MySQLi\Connection->execute('SELECT `esquema...')
#2 /opt/homebrew/var/www/admindufar-v2/system/Database/BaseConnection.php(606): CodeIgniter\Database\BaseConnection->simpleQuery('SELECT `esquema...')
#3 /opt/homebrew/var/www/admindufar-v2/system/Database/BaseBuilder.php(1616): CodeIgniter\Database\BaseConnection->query('SELECT `esquema...', Array, false)
#4 /opt/homebrew/var/www/admindufar-v2/system/Model.php(241): CodeIgniter\Database\BaseBuilder->get()
#5 /opt/homebrew/var/www/admindufar-v2/system/BaseModel.php(618): CodeIgniter\Model->doFindAll(0, 0)
#6 /opt/homebrew/var/www/admindufar-v2/app/Controllers/Productos.php(189): CodeIgniter\BaseModel->findAll()
#7 /opt/homebrew/var/www/admindufar-v2/system/CodeIgniter.php(932): App\Controllers\Productos->listarEsquemaDescuentos('400000024')
#8 /opt/homebrew/var/www/admindufar-v2/system/CodeIgniter.php(497): CodeIgniter\CodeIgniter->runController(Object(App\Controllers\Productos))
#9 /opt/homebrew/var/www/admindufar-v2/system/CodeIgniter.php(366): CodeIgniter\CodeIgniter->handleRequest(NULL, Object(Config\Cache), false)
#10 /opt/homebrew/var/www/admindufar-v2/index.php(67): CodeIgniter\CodeIgniter->run()
#11 {main}
ERROR - 2025-10-09 15:09:26 --> error en productos/listarEsquemaDescuentos: mysqli_sql_exception: Unknown column 'tp.descripion' in 'field list' in /opt/homebrew/var/www/admindufar-v2/system/Database/MySQLi/Connection.php:295
Stack trace:
#0 /opt/homebrew/var/www/admindufar-v2/system/Database/MySQLi/Connection.php(295): mysqli->query('SELECT `esquema...', 0)
#1 /opt/homebrew/var/www/admindufar-v2/system/Database/BaseConnection.php(692): CodeIgniter\Database\MySQLi\Connection->execute('SELECT `esquema...')
#2 /opt/homebrew/var/www/admindufar-v2/system/Database/BaseConnection.php(606): CodeIgniter\Database\BaseConnection->simpleQuery('SELECT `esquema...')
#3 /opt/homebrew/var/www/admindufar-v2/system/Database/BaseBuilder.php(1616): CodeIgniter\Database\BaseConnection->query('SELECT `esquema...', Array, false)
#4 /opt/homebrew/var/www/admindufar-v2/system/Model.php(241): CodeIgniter\Database\BaseBuilder->get()
#5 /opt/homebrew/var/www/admindufar-v2/system/BaseModel.php(618): CodeIgniter\Model->doFindAll(0, 0)
#6 /opt/homebrew/var/www/admindufar-v2/app/Controllers/Productos.php(189): CodeIgniter\BaseModel->findAll()
#7 /opt/homebrew/var/www/admindufar-v2/system/CodeIgniter.php(932): App\Controllers\Productos->listarEsquemaDescuentos('400000024')
#8 /opt/homebrew/var/www/admindufar-v2/system/CodeIgniter.php(497): CodeIgniter\CodeIgniter->runController(Object(App\Controllers\Productos))
#9 /opt/homebrew/var/www/admindufar-v2/system/CodeIgniter.php(366): CodeIgniter\CodeIgniter->handleRequest(NULL, Object(Config\Cache), false)
#10 /opt/homebrew/var/www/admindufar-v2/index.php(67): CodeIgniter\CodeIgniter->run()
#11 {main}

Next CodeIgniter\Database\Exceptions\DatabaseException: Unknown column 'tp.descripion' in 'field list' in /opt/homebrew/var/www/admindufar-v2/system/Database/MySQLi/Connection.php:300
Stack trace:
#0 /opt/homebrew/var/www/admindufar-v2/system/Database/BaseConnection.php(692): CodeIgniter\Database\MySQLi\Connection->execute('SELECT `esquema...')
#1 /opt/homebrew/var/www/admindufar-v2/system/Database/BaseConnection.php(606): CodeIgniter\Database\BaseConnection->simpleQuery('SELECT `esquema...')
#2 /opt/homebrew/var/www/admindufar-v2/system/Database/BaseBuilder.php(1616): CodeIgniter\Database\BaseConnection->query('SELECT `esquema...', Array, false)
#3 /opt/homebrew/var/www/admindufar-v2/system/Model.php(241): CodeIgniter\Database\BaseBuilder->get()
#4 /opt/homebrew/var/www/admindufar-v2/system/BaseModel.php(618): CodeIgniter\Model->doFindAll(0, 0)
#5 /opt/homebrew/var/www/admindufar-v2/app/Controllers/Productos.php(189): CodeIgniter\BaseModel->findAll()
#6 /opt/homebrew/var/www/admindufar-v2/system/CodeIgniter.php(932): App\Controllers\Productos->listarEsquemaDescuentos('400000024')
#7 /opt/homebrew/var/www/admindufar-v2/system/CodeIgniter.php(497): CodeIgniter\CodeIgniter->runController(Object(App\Controllers\Productos))
#8 /opt/homebrew/var/www/admindufar-v2/system/CodeIgniter.php(366): CodeIgniter\CodeIgniter->handleRequest(NULL, Object(Config\Cache), false)
#9 /opt/homebrew/var/www/admindufar-v2/index.php(67): CodeIgniter\CodeIgniter->run()
#10 {main}

Next CodeIgniter\Database\Exceptions\DatabaseException: Unknown column 'tp.descripion' in 'field list' in /opt/homebrew/var/www/admindufar-v2/system/Database/BaseConnection.php:646
Stack trace:
#0 /opt/homebrew/var/www/admindufar-v2/system/Database/BaseBuilder.php(1616): CodeIgniter\Database\BaseConnection->query('SELECT `esquema...', Array, false)
#1 /opt/homebrew/var/www/admindufar-v2/system/Model.php(241): CodeIgniter\Database\BaseBuilder->get()
#2 /opt/homebrew/var/www/admindufar-v2/system/BaseModel.php(618): CodeIgniter\Model->doFindAll(0, 0)
#3 /opt/homebrew/var/www/admindufar-v2/app/Controllers/Productos.php(189): CodeIgniter\BaseModel->findAll()
#4 /opt/homebrew/var/www/admindufar-v2/system/CodeIgniter.php(932): App\Controllers\Productos->listarEsquemaDescuentos('400000024')
#5 /opt/homebrew/var/www/admindufar-v2/system/CodeIgniter.php(497): CodeIgniter\CodeIgniter->runController(Object(App\Controllers\Productos))
#6 /opt/homebrew/var/www/admindufar-v2/system/CodeIgniter.php(366): CodeIgniter\CodeIgniter->handleRequest(NULL, Object(Config\Cache), false)
#7 /opt/homebrew/var/www/admindufar-v2/index.php(67): CodeIgniter\CodeIgniter->run()
#8 {main}
ERROR - 2025-10-09 15:10:32 --> mysqli_sql_exception: Unknown column 'tp.descripion' in 'field list' in /opt/homebrew/var/www/admindufar-v2/system/Database/MySQLi/Connection.php:295
Stack trace:
#0 /opt/homebrew/var/www/admindufar-v2/system/Database/MySQLi/Connection.php(295): mysqli->query('SELECT `esquema...', 0)
#1 /opt/homebrew/var/www/admindufar-v2/system/Database/BaseConnection.php(692): CodeIgniter\Database\MySQLi\Connection->execute('SELECT `esquema...')
#2 /opt/homebrew/var/www/admindufar-v2/system/Database/BaseConnection.php(606): CodeIgniter\Database\BaseConnection->simpleQuery('SELECT `esquema...')
#3 /opt/homebrew/var/www/admindufar-v2/system/Database/BaseBuilder.php(1616): CodeIgniter\Database\BaseConnection->query('SELECT `esquema...', Array, false)
#4 /opt/homebrew/var/www/admindufar-v2/system/Model.php(241): CodeIgniter\Database\BaseBuilder->get()
#5 /opt/homebrew/var/www/admindufar-v2/system/BaseModel.php(618): CodeIgniter\Model->doFindAll(0, 0)
#6 /opt/homebrew/var/www/admindufar-v2/app/Controllers/Productos.php(189): CodeIgniter\BaseModel->findAll()
#7 /opt/homebrew/var/www/admindufar-v2/system/CodeIgniter.php(932): App\Controllers\Productos->listarEsquemaDescuentos('400000024')
#8 /opt/homebrew/var/www/admindufar-v2/system/CodeIgniter.php(497): CodeIgniter\CodeIgniter->runController(Object(App\Controllers\Productos))
#9 /opt/homebrew/var/www/admindufar-v2/system/CodeIgniter.php(366): CodeIgniter\CodeIgniter->handleRequest(NULL, Object(Config\Cache), false)
#10 /opt/homebrew/var/www/admindufar-v2/index.php(67): CodeIgniter\CodeIgniter->run()
#11 {main}
ERROR - 2025-10-09 15:10:32 --> error en productos/listarEsquemaDescuentos: mysqli_sql_exception: Unknown column 'tp.descripion' in 'field list' in /opt/homebrew/var/www/admindufar-v2/system/Database/MySQLi/Connection.php:295
Stack trace:
#0 /opt/homebrew/var/www/admindufar-v2/system/Database/MySQLi/Connection.php(295): mysqli->query('SELECT `esquema...', 0)
#1 /opt/homebrew/var/www/admindufar-v2/system/Database/BaseConnection.php(692): CodeIgniter\Database\MySQLi\Connection->execute('SELECT `esquema...')
#2 /opt/homebrew/var/www/admindufar-v2/system/Database/BaseConnection.php(606): CodeIgniter\Database\BaseConnection->simpleQuery('SELECT `esquema...')
#3 /opt/homebrew/var/www/admindufar-v2/system/Database/BaseBuilder.php(1616): CodeIgniter\Database\BaseConnection->query('SELECT `esquema...', Array, false)
#4 /opt/homebrew/var/www/admindufar-v2/system/Model.php(241): CodeIgniter\Database\BaseBuilder->get()
#5 /opt/homebrew/var/www/admindufar-v2/system/BaseModel.php(618): CodeIgniter\Model->doFindAll(0, 0)
#6 /opt/homebrew/var/www/admindufar-v2/app/Controllers/Productos.php(189): CodeIgniter\BaseModel->findAll()
#7 /opt/homebrew/var/www/admindufar-v2/system/CodeIgniter.php(932): App\Controllers\Productos->listarEsquemaDescuentos('400000024')
#8 /opt/homebrew/var/www/admindufar-v2/system/CodeIgniter.php(497): CodeIgniter\CodeIgniter->runController(Object(App\Controllers\Productos))
#9 /opt/homebrew/var/www/admindufar-v2/system/CodeIgniter.php(366): CodeIgniter\CodeIgniter->handleRequest(NULL, Object(Config\Cache), false)
#10 /opt/homebrew/var/www/admindufar-v2/index.php(67): CodeIgniter\CodeIgniter->run()
#11 {main}

Next CodeIgniter\Database\Exceptions\DatabaseException: Unknown column 'tp.descripion' in 'field list' in /opt/homebrew/var/www/admindufar-v2/system/Database/MySQLi/Connection.php:300
Stack trace:
#0 /opt/homebrew/var/www/admindufar-v2/system/Database/BaseConnection.php(692): CodeIgniter\Database\MySQLi\Connection->execute('SELECT `esquema...')
#1 /opt/homebrew/var/www/admindufar-v2/system/Database/BaseConnection.php(606): CodeIgniter\Database\BaseConnection->simpleQuery('SELECT `esquema...')
#2 /opt/homebrew/var/www/admindufar-v2/system/Database/BaseBuilder.php(1616): CodeIgniter\Database\BaseConnection->query('SELECT `esquema...', Array, false)
#3 /opt/homebrew/var/www/admindufar-v2/system/Model.php(241): CodeIgniter\Database\BaseBuilder->get()
#4 /opt/homebrew/var/www/admindufar-v2/system/BaseModel.php(618): CodeIgniter\Model->doFindAll(0, 0)
#5 /opt/homebrew/var/www/admindufar-v2/app/Controllers/Productos.php(189): CodeIgniter\BaseModel->findAll()
#6 /opt/homebrew/var/www/admindufar-v2/system/CodeIgniter.php(932): App\Controllers\Productos->listarEsquemaDescuentos('400000024')
#7 /opt/homebrew/var/www/admindufar-v2/system/CodeIgniter.php(497): CodeIgniter\CodeIgniter->runController(Object(App\Controllers\Productos))
#8 /opt/homebrew/var/www/admindufar-v2/system/CodeIgniter.php(366): CodeIgniter\CodeIgniter->handleRequest(NULL, Object(Config\Cache), false)
#9 /opt/homebrew/var/www/admindufar-v2/index.php(67): CodeIgniter\CodeIgniter->run()
#10 {main}

Next CodeIgniter\Database\Exceptions\DatabaseException: Unknown column 'tp.descripion' in 'field list' in /opt/homebrew/var/www/admindufar-v2/system/Database/BaseConnection.php:646
Stack trace:
#0 /opt/homebrew/var/www/admindufar-v2/system/Database/BaseBuilder.php(1616): CodeIgniter\Database\BaseConnection->query('SELECT `esquema...', Array, false)
#1 /opt/homebrew/var/www/admindufar-v2/system/Model.php(241): CodeIgniter\Database\BaseBuilder->get()
#2 /opt/homebrew/var/www/admindufar-v2/system/BaseModel.php(618): CodeIgniter\Model->doFindAll(0, 0)
#3 /opt/homebrew/var/www/admindufar-v2/app/Controllers/Productos.php(189): CodeIgniter\BaseModel->findAll()
#4 /opt/homebrew/var/www/admindufar-v2/system/CodeIgniter.php(932): App\Controllers\Productos->listarEsquemaDescuentos('400000024')
#5 /opt/homebrew/var/www/admindufar-v2/system/CodeIgniter.php(497): CodeIgniter\CodeIgniter->runController(Object(App\Controllers\Productos))
#6 /opt/homebrew/var/www/admindufar-v2/system/CodeIgniter.php(366): CodeIgniter\CodeIgniter->handleRequest(NULL, Object(Config\Cache), false)
#7 /opt/homebrew/var/www/admindufar-v2/index.php(67): CodeIgniter\CodeIgniter->run()
#8 {main}
ERROR - 2025-10-09 15:12:05 --> mysqli_sql_exception: Unknown column 'tp.id_tipo_valor' in 'on clause' in /opt/homebrew/var/www/admindufar-v2/system/Database/MySQLi/Connection.php:295
Stack trace:
#0 /opt/homebrew/var/www/admindufar-v2/system/Database/MySQLi/Connection.php(295): mysqli->query('SELECT `esquema...', 0)
#1 /opt/homebrew/var/www/admindufar-v2/system/Database/BaseConnection.php(692): CodeIgniter\Database\MySQLi\Connection->execute('SELECT `esquema...')
#2 /opt/homebrew/var/www/admindufar-v2/system/Database/BaseConnection.php(606): CodeIgniter\Database\BaseConnection->simpleQuery('SELECT `esquema...')
#3 /opt/homebrew/var/www/admindufar-v2/system/Database/BaseBuilder.php(1616): CodeIgniter\Database\BaseConnection->query('SELECT `esquema...', Array, false)
#4 /opt/homebrew/var/www/admindufar-v2/system/Model.php(241): CodeIgniter\Database\BaseBuilder->get()
#5 /opt/homebrew/var/www/admindufar-v2/system/BaseModel.php(618): CodeIgniter\Model->doFindAll(0, 0)
#6 /opt/homebrew/var/www/admindufar-v2/app/Controllers/Productos.php(189): CodeIgniter\BaseModel->findAll()
#7 /opt/homebrew/var/www/admindufar-v2/system/CodeIgniter.php(932): App\Controllers\Productos->listarEsquemaDescuentos('400000024')
#8 /opt/homebrew/var/www/admindufar-v2/system/CodeIgniter.php(497): CodeIgniter\CodeIgniter->runController(Object(App\Controllers\Productos))
#9 /opt/homebrew/var/www/admindufar-v2/system/CodeIgniter.php(366): CodeIgniter\CodeIgniter->handleRequest(NULL, Object(Config\Cache), false)
#10 /opt/homebrew/var/www/admindufar-v2/index.php(67): CodeIgniter\CodeIgniter->run()
#11 {main}
ERROR - 2025-10-09 15:12:05 --> error en productos/listarEsquemaDescuentos: mysqli_sql_exception: Unknown column 'tp.id_tipo_valor' in 'on clause' in /opt/homebrew/var/www/admindufar-v2/system/Database/MySQLi/Connection.php:295
Stack trace:
#0 /opt/homebrew/var/www/admindufar-v2/system/Database/MySQLi/Connection.php(295): mysqli->query('SELECT `esquema...', 0)
#1 /opt/homebrew/var/www/admindufar-v2/system/Database/BaseConnection.php(692): CodeIgniter\Database\MySQLi\Connection->execute('SELECT `esquema...')
#2 /opt/homebrew/var/www/admindufar-v2/system/Database/BaseConnection.php(606): CodeIgniter\Database\BaseConnection->simpleQuery('SELECT `esquema...')
#3 /opt/homebrew/var/www/admindufar-v2/system/Database/BaseBuilder.php(1616): CodeIgniter\Database\BaseConnection->query('SELECT `esquema...', Array, false)
#4 /opt/homebrew/var/www/admindufar-v2/system/Model.php(241): CodeIgniter\Database\BaseBuilder->get()
#5 /opt/homebrew/var/www/admindufar-v2/system/BaseModel.php(618): CodeIgniter\Model->doFindAll(0, 0)
#6 /opt/homebrew/var/www/admindufar-v2/app/Controllers/Productos.php(189): CodeIgniter\BaseModel->findAll()
#7 /opt/homebrew/var/www/admindufar-v2/system/CodeIgniter.php(932): App\Controllers\Productos->listarEsquemaDescuentos('400000024')
#8 /opt/homebrew/var/www/admindufar-v2/system/CodeIgniter.php(497): CodeIgniter\CodeIgniter->runController(Object(App\Controllers\Productos))
#9 /opt/homebrew/var/www/admindufar-v2/system/CodeIgniter.php(366): CodeIgniter\CodeIgniter->handleRequest(NULL, Object(Config\Cache), false)
#10 /opt/homebrew/var/www/admindufar-v2/index.php(67): CodeIgniter\CodeIgniter->run()
#11 {main}

Next CodeIgniter\Database\Exceptions\DatabaseException: Unknown column 'tp.id_tipo_valor' in 'on clause' in /opt/homebrew/var/www/admindufar-v2/system/Database/MySQLi/Connection.php:300
Stack trace:
#0 /opt/homebrew/var/www/admindufar-v2/system/Database/BaseConnection.php(692): CodeIgniter\Database\MySQLi\Connection->execute('SELECT `esquema...')
#1 /opt/homebrew/var/www/admindufar-v2/system/Database/BaseConnection.php(606): CodeIgniter\Database\BaseConnection->simpleQuery('SELECT `esquema...')
#2 /opt/homebrew/var/www/admindufar-v2/system/Database/BaseBuilder.php(1616): CodeIgniter\Database\BaseConnection->query('SELECT `esquema...', Array, false)
#3 /opt/homebrew/var/www/admindufar-v2/system/Model.php(241): CodeIgniter\Database\BaseBuilder->get()
#4 /opt/homebrew/var/www/admindufar-v2/system/BaseModel.php(618): CodeIgniter\Model->doFindAll(0, 0)
#5 /opt/homebrew/var/www/admindufar-v2/app/Controllers/Productos.php(189): CodeIgniter\BaseModel->findAll()
#6 /opt/homebrew/var/www/admindufar-v2/system/CodeIgniter.php(932): App\Controllers\Productos->listarEsquemaDescuentos('400000024')
#7 /opt/homebrew/var/www/admindufar-v2/system/CodeIgniter.php(497): CodeIgniter\CodeIgniter->runController(Object(App\Controllers\Productos))
#8 /opt/homebrew/var/www/admindufar-v2/system/CodeIgniter.php(366): CodeIgniter\CodeIgniter->handleRequest(NULL, Object(Config\Cache), false)
#9 /opt/homebrew/var/www/admindufar-v2/index.php(67): CodeIgniter\CodeIgniter->run()
#10 {main}

Next CodeIgniter\Database\Exceptions\DatabaseException: Unknown column 'tp.id_tipo_valor' in 'on clause' in /opt/homebrew/var/www/admindufar-v2/system/Database/BaseConnection.php:646
Stack trace:
#0 /opt/homebrew/var/www/admindufar-v2/system/Database/BaseBuilder.php(1616): CodeIgniter\Database\BaseConnection->query('SELECT `esquema...', Array, false)
#1 /opt/homebrew/var/www/admindufar-v2/system/Model.php(241): CodeIgniter\Database\BaseBuilder->get()
#2 /opt/homebrew/var/www/admindufar-v2/system/BaseModel.php(618): CodeIgniter\Model->doFindAll(0, 0)
#3 /opt/homebrew/var/www/admindufar-v2/app/Controllers/Productos.php(189): CodeIgniter\BaseModel->findAll()
#4 /opt/homebrew/var/www/admindufar-v2/system/CodeIgniter.php(932): App\Controllers\Productos->listarEsquemaDescuentos('400000024')
#5 /opt/homebrew/var/www/admindufar-v2/system/CodeIgniter.php(497): CodeIgniter\CodeIgniter->runController(Object(App\Controllers\Productos))
#6 /opt/homebrew/var/www/admindufar-v2/system/CodeIgniter.php(366): CodeIgniter\CodeIgniter->handleRequest(NULL, Object(Config\Cache), false)
#7 /opt/homebrew/var/www/admindufar-v2/index.php(67): CodeIgniter\CodeIgniter->run()
#8 {main}
DEBUG - 2025-10-09 20:04:41 --> SESION ELIMINADA DE:1
DEBUG - 2025-10-09 20:04:41 --> Session: Redis::del() expected to return 1, got 0 instead.
DEBUG - 2025-10-09 20:50:54 --> SESION ELIMINADA DE:1
