CRITICAL - 2025-10-21 03:54:17 --> Class "Redis" not found
in SYSTEMPATH/Session/Handlers/RedisHandler.php on line 138.
 1 [internal function]: CodeIgniter\Session\Handlers\RedisHandler->open('tcp://127.0.0.1:6379', 'ci_session')
 2 SYSTEMPATH/Session/Session.php(920): session_start()
 3 SYSTEMPATH/Session/Session.php(250): CodeIgniter\Session\Session->startSession()
 4 SYSTEMPATH/Config/Services.php(678): CodeIgniter\Session\Session->start()
 5 SYSTEMPATH/Config/BaseService.php(252): CodeIgniter\Config\Services::session(Object(Config\App), false)
 6 SYSTEMPATH/Config/BaseService.php(193): CodeIgniter\Config\BaseService::__callStatic('session', [...])
 7 SYSTEMPATH/Config/Services.php(645): CodeIgniter\Config\BaseService::getSharedInstance('session', null)
 8 SYSTEMPATH/Config/BaseService.php(252): CodeIgniter\Config\Services::session()
 9 SYSTEMPATH/Common.php(984): CodeIgniter\Config\BaseService::__callStatic('session', [])
10 APPPATH/Controllers/Auth.php(295): session()
11 APPPATH/Controllers/Home.php(21): App\Controllers\Auth->authorizedSession(true)
12 SYSTEMPATH/CodeIgniter.php(904): App\Controllers\Home->__construct()
13 SYSTEMPATH/CodeIgniter.php(488): CodeIgniter\CodeIgniter->createController()
14 SYSTEMPATH/CodeIgniter.php(366): CodeIgniter\CodeIgniter->handleRequest(null, Object(Config\Cache), false)
15 FCPATH/index.php(67): CodeIgniter\CodeIgniter->run()
CRITICAL - 2025-10-21 03:54:19 --> Class "Redis" not found
in SYSTEMPATH/Session/Handlers/RedisHandler.php on line 138.
 1 [internal function]: CodeIgniter\Session\Handlers\RedisHandler->open('tcp://127.0.0.1:6379', 'ci_session')
 2 SYSTEMPATH/Session/Session.php(920): session_start()
 3 SYSTEMPATH/Session/Session.php(250): CodeIgniter\Session\Session->startSession()
 4 SYSTEMPATH/Config/Services.php(678): CodeIgniter\Session\Session->start()
 5 SYSTEMPATH/Config/BaseService.php(252): CodeIgniter\Config\Services::session(Object(Config\App), false)
 6 SYSTEMPATH/Config/BaseService.php(193): CodeIgniter\Config\BaseService::__callStatic('session', [...])
 7 SYSTEMPATH/Config/Services.php(645): CodeIgniter\Config\BaseService::getSharedInstance('session', null)
 8 SYSTEMPATH/Config/BaseService.php(252): CodeIgniter\Config\Services::session()
 9 SYSTEMPATH/Common.php(984): CodeIgniter\Config\BaseService::__callStatic('session', [])
10 APPPATH/Controllers/Auth.php(295): session()
11 APPPATH/Controllers/Home.php(21): App\Controllers\Auth->authorizedSession(true)
12 SYSTEMPATH/CodeIgniter.php(904): App\Controllers\Home->__construct()
13 SYSTEMPATH/CodeIgniter.php(488): CodeIgniter\CodeIgniter->createController()
14 SYSTEMPATH/CodeIgniter.php(366): CodeIgniter\CodeIgniter->handleRequest(null, Object(Config\Cache), false)
15 FCPATH/index.php(67): CodeIgniter\CodeIgniter->run()
CRITICAL - 2025-10-21 03:55:49 --> Class "Redis" not found
in SYSTEMPATH/Session/Handlers/RedisHandler.php on line 138.
 1 [internal function]: CodeIgniter\Session\Handlers\RedisHandler->open('tcp://127.0.0.1:6379', 'ci_session')
 2 SYSTEMPATH/Session/Session.php(920): session_start()
 3 SYSTEMPATH/Session/Session.php(250): CodeIgniter\Session\Session->startSession()
 4 SYSTEMPATH/Config/Services.php(678): CodeIgniter\Session\Session->start()
 5 SYSTEMPATH/Config/BaseService.php(252): CodeIgniter\Config\Services::session(Object(Config\App), false)
 6 SYSTEMPATH/Config/BaseService.php(193): CodeIgniter\Config\BaseService::__callStatic('session', [...])
 7 SYSTEMPATH/Config/Services.php(645): CodeIgniter\Config\BaseService::getSharedInstance('session', null)
 8 SYSTEMPATH/Config/BaseService.php(252): CodeIgniter\Config\Services::session()
 9 SYSTEMPATH/Common.php(984): CodeIgniter\Config\BaseService::__callStatic('session', [])
10 APPPATH/Controllers/Auth.php(295): session()
11 APPPATH/Controllers/Home.php(21): App\Controllers\Auth->authorizedSession(true)
12 SYSTEMPATH/CodeIgniter.php(904): App\Controllers\Home->__construct()
13 SYSTEMPATH/CodeIgniter.php(488): CodeIgniter\CodeIgniter->createController()
14 SYSTEMPATH/CodeIgniter.php(366): CodeIgniter\CodeIgniter->handleRequest(null, Object(Config\Cache), false)
15 FCPATH/index.php(67): CodeIgniter\CodeIgniter->run()
CRITICAL - 2025-10-21 03:55:53 --> Class "Redis" not found
in SYSTEMPATH/Session/Handlers/RedisHandler.php on line 138.
 1 [internal function]: CodeIgniter\Session\Handlers\RedisHandler->open('tcp://127.0.0.1:6379', 'ci_session')
 2 SYSTEMPATH/Session/Session.php(920): session_start()
 3 SYSTEMPATH/Session/Session.php(250): CodeIgniter\Session\Session->startSession()
 4 SYSTEMPATH/Config/Services.php(678): CodeIgniter\Session\Session->start()
 5 SYSTEMPATH/Config/BaseService.php(252): CodeIgniter\Config\Services::session(Object(Config\App), false)
 6 SYSTEMPATH/Config/BaseService.php(193): CodeIgniter\Config\BaseService::__callStatic('session', [...])
 7 SYSTEMPATH/Config/Services.php(645): CodeIgniter\Config\BaseService::getSharedInstance('session', null)
 8 SYSTEMPATH/Config/BaseService.php(252): CodeIgniter\Config\Services::session()
 9 SYSTEMPATH/Common.php(984): CodeIgniter\Config\BaseService::__callStatic('session', [])
10 APPPATH/Controllers/Auth.php(295): session()
11 APPPATH/Controllers/Home.php(21): App\Controllers\Auth->authorizedSession(true)
12 SYSTEMPATH/CodeIgniter.php(904): App\Controllers\Home->__construct()
13 SYSTEMPATH/CodeIgniter.php(488): CodeIgniter\CodeIgniter->createController()
14 SYSTEMPATH/CodeIgniter.php(366): CodeIgniter\CodeIgniter->handleRequest(null, Object(Config\Cache), false)
15 FCPATH/index.php(67): CodeIgniter\CodeIgniter->run()
CRITICAL - 2025-10-21 05:03:30 --> Class "Redis" not found
in SYSTEMPATH/Session/Handlers/RedisHandler.php on line 138.
 1 [internal function]: CodeIgniter\Session\Handlers\RedisHandler->open('tcp://127.0.0.1:6379', 'ci_session')
 2 SYSTEMPATH/Session/Session.php(920): session_start()
 3 SYSTEMPATH/Session/Session.php(250): CodeIgniter\Session\Session->startSession()
 4 SYSTEMPATH/Config/Services.php(678): CodeIgniter\Session\Session->start()
 5 SYSTEMPATH/Config/BaseService.php(252): CodeIgniter\Config\Services::session(Object(Config\App), false)
 6 SYSTEMPATH/Config/BaseService.php(193): CodeIgniter\Config\BaseService::__callStatic('session', [...])
 7 SYSTEMPATH/Config/Services.php(645): CodeIgniter\Config\BaseService::getSharedInstance('session', null)
 8 SYSTEMPATH/Config/BaseService.php(252): CodeIgniter\Config\Services::session()
 9 SYSTEMPATH/Common.php(984): CodeIgniter\Config\BaseService::__callStatic('session', [])
10 APPPATH/Controllers/Auth.php(295): session()
11 APPPATH/Controllers/Home.php(21): App\Controllers\Auth->authorizedSession(true)
12 SYSTEMPATH/CodeIgniter.php(904): App\Controllers\Home->__construct()
13 SYSTEMPATH/CodeIgniter.php(488): CodeIgniter\CodeIgniter->createController()
14 SYSTEMPATH/CodeIgniter.php(366): CodeIgniter\CodeIgniter->handleRequest(null, Object(Config\Cache), false)
15 FCPATH/index.php(67): CodeIgniter\CodeIgniter->run()
CRITICAL - 2025-10-21 05:03:33 --> Class "Redis" not found
in SYSTEMPATH/Session/Handlers/RedisHandler.php on line 138.
 1 [internal function]: CodeIgniter\Session\Handlers\RedisHandler->open('tcp://127.0.0.1:6379', 'ci_session')
 2 SYSTEMPATH/Session/Session.php(920): session_start()
 3 SYSTEMPATH/Session/Session.php(250): CodeIgniter\Session\Session->startSession()
 4 SYSTEMPATH/Config/Services.php(678): CodeIgniter\Session\Session->start()
 5 SYSTEMPATH/Config/BaseService.php(252): CodeIgniter\Config\Services::session(Object(Config\App), false)
 6 SYSTEMPATH/Config/BaseService.php(193): CodeIgniter\Config\BaseService::__callStatic('session', [...])
 7 SYSTEMPATH/Config/Services.php(645): CodeIgniter\Config\BaseService::getSharedInstance('session', null)
 8 SYSTEMPATH/Config/BaseService.php(252): CodeIgniter\Config\Services::session()
 9 SYSTEMPATH/Common.php(984): CodeIgniter\Config\BaseService::__callStatic('session', [])
10 APPPATH/Controllers/Auth.php(295): session()
11 APPPATH/Controllers/Home.php(21): App\Controllers\Auth->authorizedSession(true)
12 SYSTEMPATH/CodeIgniter.php(904): App\Controllers\Home->__construct()
13 SYSTEMPATH/CodeIgniter.php(488): CodeIgniter\CodeIgniter->createController()
14 SYSTEMPATH/CodeIgniter.php(366): CodeIgniter\CodeIgniter->handleRequest(null, Object(Config\Cache), false)
15 FCPATH/index.php(67): CodeIgniter\CodeIgniter->run()
CRITICAL - 2025-10-21 06:49:32 --> Class "Redis" not found
in SYSTEMPATH/Session/Handlers/RedisHandler.php on line 138.
 1 [internal function]: CodeIgniter\Session\Handlers\RedisHandler->open('tcp://127.0.0.1:6379', 'ci_session')
 2 SYSTEMPATH/Session/Session.php(920): session_start()
 3 SYSTEMPATH/Session/Session.php(250): CodeIgniter\Session\Session->startSession()
 4 SYSTEMPATH/Config/Services.php(678): CodeIgniter\Session\Session->start()
 5 SYSTEMPATH/Config/BaseService.php(252): CodeIgniter\Config\Services::session(Object(Config\App), false)
 6 SYSTEMPATH/Config/BaseService.php(193): CodeIgniter\Config\BaseService::__callStatic('session', [...])
 7 SYSTEMPATH/Config/Services.php(645): CodeIgniter\Config\BaseService::getSharedInstance('session', null)
 8 SYSTEMPATH/Config/BaseService.php(252): CodeIgniter\Config\Services::session()
 9 SYSTEMPATH/Common.php(984): CodeIgniter\Config\BaseService::__callStatic('session', [])
10 APPPATH/Controllers/Auth.php(295): session()
11 APPPATH/Controllers/Home.php(21): App\Controllers\Auth->authorizedSession(true)
12 SYSTEMPATH/CodeIgniter.php(904): App\Controllers\Home->__construct()
13 SYSTEMPATH/CodeIgniter.php(488): CodeIgniter\CodeIgniter->createController()
14 SYSTEMPATH/CodeIgniter.php(366): CodeIgniter\CodeIgniter->handleRequest(null, Object(Config\Cache), false)
15 FCPATH/index.php(67): CodeIgniter\CodeIgniter->run()
CRITICAL - 2025-10-21 06:49:36 --> Class "Redis" not found
in SYSTEMPATH/Session/Handlers/RedisHandler.php on line 138.
 1 [internal function]: CodeIgniter\Session\Handlers\RedisHandler->open('tcp://127.0.0.1:6379', 'ci_session')
 2 SYSTEMPATH/Session/Session.php(920): session_start()
 3 SYSTEMPATH/Session/Session.php(250): CodeIgniter\Session\Session->startSession()
 4 SYSTEMPATH/Config/Services.php(678): CodeIgniter\Session\Session->start()
 5 SYSTEMPATH/Config/BaseService.php(252): CodeIgniter\Config\Services::session(Object(Config\App), false)
 6 SYSTEMPATH/Config/BaseService.php(193): CodeIgniter\Config\BaseService::__callStatic('session', [...])
 7 SYSTEMPATH/Config/Services.php(645): CodeIgniter\Config\BaseService::getSharedInstance('session', null)
 8 SYSTEMPATH/Config/BaseService.php(252): CodeIgniter\Config\Services::session()
 9 SYSTEMPATH/Common.php(984): CodeIgniter\Config\BaseService::__callStatic('session', [])
10 APPPATH/Controllers/Auth.php(295): session()
11 APPPATH/Controllers/Home.php(21): App\Controllers\Auth->authorizedSession(true)
12 SYSTEMPATH/CodeIgniter.php(904): App\Controllers\Home->__construct()
13 SYSTEMPATH/CodeIgniter.php(488): CodeIgniter\CodeIgniter->createController()
14 SYSTEMPATH/CodeIgniter.php(366): CodeIgniter\CodeIgniter->handleRequest(null, Object(Config\Cache), false)
15 FCPATH/index.php(67): CodeIgniter\CodeIgniter->run()
CRITICAL - 2025-10-21 07:48:01 --> Class "Redis" not found
in SYSTEMPATH/Session/Handlers/RedisHandler.php on line 138.
 1 [internal function]: CodeIgniter\Session\Handlers\RedisHandler->open('tcp://127.0.0.1:6379', 'ci_session')
 2 SYSTEMPATH/Session/Session.php(920): session_start()
 3 SYSTEMPATH/Session/Session.php(250): CodeIgniter\Session\Session->startSession()
 4 SYSTEMPATH/Config/Services.php(678): CodeIgniter\Session\Session->start()
 5 SYSTEMPATH/Config/BaseService.php(252): CodeIgniter\Config\Services::session(Object(Config\App), false)
 6 SYSTEMPATH/Config/BaseService.php(193): CodeIgniter\Config\BaseService::__callStatic('session', [...])
 7 SYSTEMPATH/Config/Services.php(645): CodeIgniter\Config\BaseService::getSharedInstance('session', null)
 8 SYSTEMPATH/Config/BaseService.php(252): CodeIgniter\Config\Services::session()
 9 SYSTEMPATH/Common.php(984): CodeIgniter\Config\BaseService::__callStatic('session', [])
10 APPPATH/Controllers/Auth.php(295): session()
11 APPPATH/Controllers/Home.php(21): App\Controllers\Auth->authorizedSession(true)
12 SYSTEMPATH/CodeIgniter.php(904): App\Controllers\Home->__construct()
13 SYSTEMPATH/CodeIgniter.php(488): CodeIgniter\CodeIgniter->createController()
14 SYSTEMPATH/CodeIgniter.php(366): CodeIgniter\CodeIgniter->handleRequest(null, Object(Config\Cache), false)
15 FCPATH/index.php(67): CodeIgniter\CodeIgniter->run()
CRITICAL - 2025-10-21 07:55:32 --> Class "Redis" not found
in SYSTEMPATH/Session/Handlers/RedisHandler.php on line 138.
 1 [internal function]: CodeIgniter\Session\Handlers\RedisHandler->open('tcp://127.0.0.1:6379', 'ci_session')
 2 SYSTEMPATH/Session/Session.php(920): session_start()
 3 SYSTEMPATH/Session/Session.php(250): CodeIgniter\Session\Session->startSession()
 4 SYSTEMPATH/Config/Services.php(678): CodeIgniter\Session\Session->start()
 5 SYSTEMPATH/Config/BaseService.php(252): CodeIgniter\Config\Services::session(Object(Config\App), false)
 6 SYSTEMPATH/Config/BaseService.php(193): CodeIgniter\Config\BaseService::__callStatic('session', [...])
 7 SYSTEMPATH/Config/Services.php(645): CodeIgniter\Config\BaseService::getSharedInstance('session', null)
 8 SYSTEMPATH/Config/BaseService.php(252): CodeIgniter\Config\Services::session()
 9 SYSTEMPATH/Common.php(984): CodeIgniter\Config\BaseService::__callStatic('session', [])
10 APPPATH/Controllers/Auth.php(295): session()
11 APPPATH/Controllers/Home.php(21): App\Controllers\Auth->authorizedSession(true)
12 SYSTEMPATH/CodeIgniter.php(904): App\Controllers\Home->__construct()
13 SYSTEMPATH/CodeIgniter.php(488): CodeIgniter\CodeIgniter->createController()
14 SYSTEMPATH/CodeIgniter.php(366): CodeIgniter\CodeIgniter->handleRequest(null, Object(Config\Cache), false)
15 FCPATH/index.php(67): CodeIgniter\CodeIgniter->run()
CRITICAL - 2025-10-21 09:37:28 --> Class "Redis" not found
in SYSTEMPATH/Session/Handlers/RedisHandler.php on line 138.
 1 [internal function]: CodeIgniter\Session\Handlers\RedisHandler->open('tcp://127.0.0.1:6379', 'ci_session')
 2 SYSTEMPATH/Session/Session.php(920): session_start()
 3 SYSTEMPATH/Session/Session.php(250): CodeIgniter\Session\Session->startSession()
 4 SYSTEMPATH/Config/Services.php(678): CodeIgniter\Session\Session->start()
 5 SYSTEMPATH/Config/BaseService.php(252): CodeIgniter\Config\Services::session(Object(Config\App), false)
 6 SYSTEMPATH/Config/BaseService.php(193): CodeIgniter\Config\BaseService::__callStatic('session', [...])
 7 SYSTEMPATH/Config/Services.php(645): CodeIgniter\Config\BaseService::getSharedInstance('session', null)
 8 SYSTEMPATH/Config/BaseService.php(252): CodeIgniter\Config\Services::session()
 9 SYSTEMPATH/Common.php(984): CodeIgniter\Config\BaseService::__callStatic('session', [])
10 APPPATH/Controllers/Auth.php(295): session()
11 APPPATH/Controllers/Home.php(21): App\Controllers\Auth->authorizedSession(true)
12 SYSTEMPATH/CodeIgniter.php(904): App\Controllers\Home->__construct()
13 SYSTEMPATH/CodeIgniter.php(488): CodeIgniter\CodeIgniter->createController()
14 SYSTEMPATH/CodeIgniter.php(366): CodeIgniter\CodeIgniter->handleRequest(null, Object(Config\Cache), false)
15 FCPATH/index.php(67): CodeIgniter\CodeIgniter->run()
DEBUG - 2025-10-21 10:52:46 --> DATOS PARA SESION APP: {"usuario":"superadmin","pass":"admin123"}
CRITICAL - 2025-10-21 10:53:16 --> Too few arguments to function CodeIgniter\Database\BaseBuilder::join(), 1 passed in /home/platcompy/api.plat.com.py/system/Model.php on line 836 and at least 2 expected
in SYSTEMPATH/Database/BaseBuilder.php on line 617.
 1 SYSTEMPATH/Model.php(836): CodeIgniter\Database\BaseBuilder->join('numeros_whatsapp AS nw ON nw.idEmpresa=empresas.id')
 2 APPPATH/Controllers/Api.php(128): CodeIgniter\Model->__call('join', [...])
 3 SYSTEMPATH/CodeIgniter.php(932): App\Controllers\Api->empresas()
 4 SYSTEMPATH/CodeIgniter.php(497): CodeIgniter\CodeIgniter->runController(Object(App\Controllers\Api))
 5 SYSTEMPATH/CodeIgniter.php(366): CodeIgniter\CodeIgniter->handleRequest(null, Object(Config\Cache), false)
 6 FCPATH/index.php(67): CodeIgniter\CodeIgniter->run()
DEBUG - 2025-10-21 10:55:37 --> TOTAL DE DATOS empresas: 1
DEBUG - 2025-10-21 10:57:22 --> TOTAL DE DATOS usuarios: 1
CRITICAL - 2025-10-21 10:59:11 --> Class "Redis" not found
in SYSTEMPATH/Session/Handlers/RedisHandler.php on line 138.
 1 [internal function]: CodeIgniter\Session\Handlers\RedisHandler->open('tcp://127.0.0.1:6379', 'ci_session')
 2 SYSTEMPATH/Session/Session.php(920): session_start()
 3 SYSTEMPATH/Session/Session.php(250): CodeIgniter\Session\Session->startSession()
 4 SYSTEMPATH/Config/Services.php(678): CodeIgniter\Session\Session->start()
 5 SYSTEMPATH/Config/BaseService.php(252): CodeIgniter\Config\Services::session(Object(Config\App), false)
 6 SYSTEMPATH/Config/BaseService.php(193): CodeIgniter\Config\BaseService::__callStatic('session', [...])
 7 SYSTEMPATH/Config/Services.php(645): CodeIgniter\Config\BaseService::getSharedInstance('session', null)
 8 SYSTEMPATH/Config/BaseService.php(252): CodeIgniter\Config\Services::session()
 9 SYSTEMPATH/Common.php(984): CodeIgniter\Config\BaseService::__callStatic('session', [])
10 APPPATH/Controllers/Auth.php(295): session()
11 APPPATH/Controllers/Home.php(21): App\Controllers\Auth->authorizedSession(true)
12 SYSTEMPATH/CodeIgniter.php(904): App\Controllers\Home->__construct()
13 SYSTEMPATH/CodeIgniter.php(488): CodeIgniter\CodeIgniter->createController()
14 SYSTEMPATH/CodeIgniter.php(366): CodeIgniter\CodeIgniter->handleRequest(null, Object(Config\Cache), false)
15 FCPATH/index.php(67): CodeIgniter\CodeIgniter->run()
DEBUG - 2025-10-21 11:12:29 --> DATOS PARA SESION APP: {"usuario":"superadmin","pass":"admin123"}
DEBUG - 2025-10-21 11:13:44 --> DATOS PARA SESION APP: {"usuario":"superadmin","pass":"admin123"}
DEBUG - 2025-10-21 11:19:37 --> DATOS PARA SESION APP: {"usuario":"superadmin","pass":"admin123"}
DEBUG - 2025-10-21 11:22:56 --> DATOS PARA SESION APP: {"usuario":"superadmin","pass":"admin123"}
DEBUG - 2025-10-21 11:24:36 --> DATOS PARA SESION APP: {"usuario":"superadmin","pass":"admin123"}
CRITICAL - 2025-10-21 11:37:48 --> Class "Redis" not found
in SYSTEMPATH/Session/Handlers/RedisHandler.php on line 138.
 1 [internal function]: CodeIgniter\Session\Handlers\RedisHandler->open('tcp://127.0.0.1:6379', 'ci_session')
 2 SYSTEMPATH/Session/Session.php(920): session_start()
 3 SYSTEMPATH/Session/Session.php(250): CodeIgniter\Session\Session->startSession()
 4 SYSTEMPATH/Config/Services.php(678): CodeIgniter\Session\Session->start()
 5 SYSTEMPATH/Config/BaseService.php(252): CodeIgniter\Config\Services::session(Object(Config\App), false)
 6 SYSTEMPATH/Config/BaseService.php(193): CodeIgniter\Config\BaseService::__callStatic('session', [...])
 7 SYSTEMPATH/Config/Services.php(645): CodeIgniter\Config\BaseService::getSharedInstance('session', null)
 8 SYSTEMPATH/Config/BaseService.php(252): CodeIgniter\Config\Services::session()
 9 SYSTEMPATH/Common.php(984): CodeIgniter\Config\BaseService::__callStatic('session', [])
10 APPPATH/Controllers/Auth.php(295): session()
11 APPPATH/Controllers/Home.php(21): App\Controllers\Auth->authorizedSession(true)
12 SYSTEMPATH/CodeIgniter.php(904): App\Controllers\Home->__construct()
13 SYSTEMPATH/CodeIgniter.php(488): CodeIgniter\CodeIgniter->createController()
14 SYSTEMPATH/CodeIgniter.php(366): CodeIgniter\CodeIgniter->handleRequest(null, Object(Config\Cache), false)
15 FCPATH/index.php(67): CodeIgniter\CodeIgniter->run()
DEBUG - 2025-10-21 11:59:30 --> DATOS PARA SESION APP: {"usuario":"superadmin","pass":"admin123"}
ERROR - 2025-10-21 11:59:48 --> error en apiventas: ErrorException: Undefined property: App\Controllers\Api::$empresasDatosBancariosModel in /home/platcompy/api.plat.com.py/app/Controllers/Api.php:175
Stack trace:
#0 /home/platcompy/api.plat.com.py/app/Controllers/Api.php(175): CodeIgniter\Debug\Exceptions->errorHandler(2, 'Undefined prope...', '/home/platcompy...', 175)
#1 /home/platcompy/api.plat.com.py/system/CodeIgniter.php(932): App\Controllers\Api->datosEmpresa()
#2 /home/platcompy/api.plat.com.py/system/CodeIgniter.php(497): CodeIgniter\CodeIgniter->runController(Object(App\Controllers\Api))
#3 /home/platcompy/api.plat.com.py/system/CodeIgniter.php(366): CodeIgniter\CodeIgniter->handleRequest(NULL, Object(Config\Cache), false)
#4 /home/platcompy/api.plat.com.py/index.php(67): CodeIgniter\CodeIgniter->run()
#5 {main}
ERROR - 2025-10-21 12:00:49 --> error en apiventas: ErrorException: Undefined property: App\Controllers\Api::$empresasDatosBancariosModel in /home/platcompy/api.plat.com.py/app/Controllers/Api.php:175
Stack trace:
#0 /home/platcompy/api.plat.com.py/app/Controllers/Api.php(175): CodeIgniter\Debug\Exceptions->errorHandler(2, 'Undefined prope...', '/home/platcompy...', 175)
#1 /home/platcompy/api.plat.com.py/system/CodeIgniter.php(932): App\Controllers\Api->datosEmpresa()
#2 /home/platcompy/api.plat.com.py/system/CodeIgniter.php(497): CodeIgniter\CodeIgniter->runController(Object(App\Controllers\Api))
#3 /home/platcompy/api.plat.com.py/system/CodeIgniter.php(366): CodeIgniter\CodeIgniter->handleRequest(NULL, Object(Config\Cache), false)
#4 /home/platcompy/api.plat.com.py/index.php(67): CodeIgniter\CodeIgniter->run()
#5 {main}
ERROR - 2025-10-21 12:03:06 --> error en apiventas: ErrorException: Undefined property: App\Controllers\Api::$empresasDatosBancariosModel in /home/platcompy/api.plat.com.py/app/Controllers/Api.php:178
Stack trace:
#0 /home/platcompy/api.plat.com.py/app/Controllers/Api.php(178): CodeIgniter\Debug\Exceptions->errorHandler(2, 'Undefined prope...', '/home/platcompy...', 178)
#1 /home/platcompy/api.plat.com.py/system/CodeIgniter.php(932): App\Controllers\Api->datosEmpresa()
#2 /home/platcompy/api.plat.com.py/system/CodeIgniter.php(497): CodeIgniter\CodeIgniter->runController(Object(App\Controllers\Api))
#3 /home/platcompy/api.plat.com.py/system/CodeIgniter.php(366): CodeIgniter\CodeIgniter->handleRequest(NULL, Object(Config\Cache), false)
#4 /home/platcompy/api.plat.com.py/index.php(67): CodeIgniter\CodeIgniter->run()
#5 {main}
ERROR - 2025-10-21 12:05:52 --> mysqli_sql_exception: Unknown column 'bancos.descripcion' in 'SELECT' in /home/platcompy/api.plat.com.py/system/Database/MySQLi/Connection.php:295
Stack trace:
#0 /home/platcompy/api.plat.com.py/system/Database/MySQLi/Connection.php(295): mysqli->query('SELECT `empresa...', 0)
#1 /home/platcompy/api.plat.com.py/system/Database/BaseConnection.php(692): CodeIgniter\Database\MySQLi\Connection->execute('SELECT `empresa...')
#2 /home/platcompy/api.plat.com.py/system/Database/BaseConnection.php(606): CodeIgniter\Database\BaseConnection->simpleQuery('SELECT `empresa...')
#3 /home/platcompy/api.plat.com.py/system/Database/BaseBuilder.php(1616): CodeIgniter\Database\BaseConnection->query('SELECT `empresa...', Array, false)
#4 /home/platcompy/api.plat.com.py/system/Model.php(241): CodeIgniter\Database\BaseBuilder->get()
#5 /home/platcompy/api.plat.com.py/system/BaseModel.php(618): CodeIgniter\Model->doFindAll(0, 0)
#6 /home/platcompy/api.plat.com.py/app/Controllers/Api.php(187): CodeIgniter\BaseModel->findAll()
#7 /home/platcompy/api.plat.com.py/system/CodeIgniter.php(932): App\Controllers\Api->datosEmpresa()
#8 /home/platcompy/api.plat.com.py/system/CodeIgniter.php(497): CodeIgniter\CodeIgniter->runController(Object(App\Controllers\Api))
#9 /home/platcompy/api.plat.com.py/system/CodeIgniter.php(366): CodeIgniter\CodeIgniter->handleRequest(NULL, Object(Config\Cache), false)
#10 /home/platcompy/api.plat.com.py/index.php(67): CodeIgniter\CodeIgniter->run()
#11 {main}
CRITICAL - 2025-10-21 12:05:52 --> Unknown column 'bancos.descripcion' in 'SELECT'
in SYSTEMPATH/Database/MySQLi/Connection.php on line 295.
 1 SYSTEMPATH/Database/MySQLi/Connection.php(295): mysqli->query('SELECT `empresas_datos_bancarios`.`id`, `bancos`.`descripcion`, `empresas_datos_bancarios`.`numeroCuenta`
FROM `empresas_datos_bancarios`
JOIN `bancos` As `b` ON `b`.`id`=`empresas_datos_bancarios`.`idBanco`
WHERE `idEmpresa` = \'1\'
AND `estado` = 1', 0)
 2 SYSTEMPATH/Database/BaseConnection.php(692): CodeIgniter\Database\MySQLi\Connection->execute('SELECT `empresas_datos_bancarios`.`id`, `bancos`.`descripcion`, `empresas_datos_bancarios`.`numeroCuenta`
FROM `empresas_datos_bancarios`
JOIN `bancos` As `b` ON `b`.`id`=`empresas_datos_bancarios`.`idBanco`
WHERE `idEmpresa` = \'1\'
AND `estado` = 1')
 3 SYSTEMPATH/Database/BaseConnection.php(606): CodeIgniter\Database\BaseConnection->simpleQuery('SELECT `empresas_datos_bancarios`.`id`, `bancos`.`descripcion`, `empresas_datos_bancarios`.`numeroCuenta`
FROM `empresas_datos_bancarios`
JOIN `bancos` As `b` ON `b`.`id`=`empresas_datos_bancarios`.`idBanco`
WHERE `idEmpresa` = \'1\'
AND `estado` = 1')
 4 SYSTEMPATH/Database/BaseBuilder.php(1616): CodeIgniter\Database\BaseConnection->query('SELECT `empresas_datos_bancarios`.`id`, `bancos`.`descripcion`, `empresas_datos_bancarios`.`numeroCuenta`
FROM `empresas_datos_bancarios`
JOIN `bancos` As `b` ON `b`.`id`=`empresas_datos_bancarios`.`idBanco`
WHERE `idEmpresa` = :idEmpresa:
AND `estado` = :estado:', [...], false)
 5 SYSTEMPATH/Model.php(241): CodeIgniter\Database\BaseBuilder->get()
 6 SYSTEMPATH/BaseModel.php(618): CodeIgniter\Model->doFindAll(0, 0)
 7 APPPATH/Controllers/Api.php(187): CodeIgniter\BaseModel->findAll()
 8 SYSTEMPATH/CodeIgniter.php(932): App\Controllers\Api->datosEmpresa()
 9 SYSTEMPATH/CodeIgniter.php(497): CodeIgniter\CodeIgniter->runController(Object(App\Controllers\Api))
10 SYSTEMPATH/CodeIgniter.php(366): CodeIgniter\CodeIgniter->handleRequest(null, Object(Config\Cache), false)
11 FCPATH/index.php(67): CodeIgniter\CodeIgniter->run()
ERROR - 2025-10-21 12:06:51 --> mysqli_sql_exception: Column 'estado' in WHERE is ambiguous in /home/platcompy/api.plat.com.py/system/Database/MySQLi/Connection.php:295
Stack trace:
#0 /home/platcompy/api.plat.com.py/system/Database/MySQLi/Connection.php(295): mysqli->query('SELECT `empresa...', 0)
#1 /home/platcompy/api.plat.com.py/system/Database/BaseConnection.php(692): CodeIgniter\Database\MySQLi\Connection->execute('SELECT `empresa...')
#2 /home/platcompy/api.plat.com.py/system/Database/BaseConnection.php(606): CodeIgniter\Database\BaseConnection->simpleQuery('SELECT `empresa...')
#3 /home/platcompy/api.plat.com.py/system/Database/BaseBuilder.php(1616): CodeIgniter\Database\BaseConnection->query('SELECT `empresa...', Array, false)
#4 /home/platcompy/api.plat.com.py/system/Model.php(241): CodeIgniter\Database\BaseBuilder->get()
#5 /home/platcompy/api.plat.com.py/system/BaseModel.php(618): CodeIgniter\Model->doFindAll(0, 0)
#6 /home/platcompy/api.plat.com.py/app/Controllers/Api.php(187): CodeIgniter\BaseModel->findAll()
#7 /home/platcompy/api.plat.com.py/system/CodeIgniter.php(932): App\Controllers\Api->datosEmpresa()
#8 /home/platcompy/api.plat.com.py/system/CodeIgniter.php(497): CodeIgniter\CodeIgniter->runController(Object(App\Controllers\Api))
#9 /home/platcompy/api.plat.com.py/system/CodeIgniter.php(366): CodeIgniter\CodeIgniter->handleRequest(NULL, Object(Config\Cache), false)
#10 /home/platcompy/api.plat.com.py/index.php(67): CodeIgniter\CodeIgniter->run()
#11 {main}
CRITICAL - 2025-10-21 12:06:51 --> Column 'estado' in WHERE is ambiguous
in SYSTEMPATH/Database/MySQLi/Connection.php on line 295.
 1 SYSTEMPATH/Database/MySQLi/Connection.php(295): mysqli->query('SELECT `empresas_datos_bancarios`.`id`, `b`.`descripcion`, `empresas_datos_bancarios`.`numeroCuenta`
FROM `empresas_datos_bancarios`
JOIN `bancos` AS `b` ON `b`.`id`=`empresas_datos_bancarios`.`idBanco`
WHERE `idEmpresa` = \'1\'
AND `estado` = 1', 0)
 2 SYSTEMPATH/Database/BaseConnection.php(692): CodeIgniter\Database\MySQLi\Connection->execute('SELECT `empresas_datos_bancarios`.`id`, `b`.`descripcion`, `empresas_datos_bancarios`.`numeroCuenta`
FROM `empresas_datos_bancarios`
JOIN `bancos` AS `b` ON `b`.`id`=`empresas_datos_bancarios`.`idBanco`
WHERE `idEmpresa` = \'1\'
AND `estado` = 1')
 3 SYSTEMPATH/Database/BaseConnection.php(606): CodeIgniter\Database\BaseConnection->simpleQuery('SELECT `empresas_datos_bancarios`.`id`, `b`.`descripcion`, `empresas_datos_bancarios`.`numeroCuenta`
FROM `empresas_datos_bancarios`
JOIN `bancos` AS `b` ON `b`.`id`=`empresas_datos_bancarios`.`idBanco`
WHERE `idEmpresa` = \'1\'
AND `estado` = 1')
 4 SYSTEMPATH/Database/BaseBuilder.php(1616): CodeIgniter\Database\BaseConnection->query('SELECT `empresas_datos_bancarios`.`id`, `b`.`descripcion`, `empresas_datos_bancarios`.`numeroCuenta`
FROM `empresas_datos_bancarios`
JOIN `bancos` AS `b` ON `b`.`id`=`empresas_datos_bancarios`.`idBanco`
WHERE `idEmpresa` = :idEmpresa:
AND `estado` = :estado:', [...], false)
 5 SYSTEMPATH/Model.php(241): CodeIgniter\Database\BaseBuilder->get()
 6 SYSTEMPATH/BaseModel.php(618): CodeIgniter\Model->doFindAll(0, 0)
 7 APPPATH/Controllers/Api.php(187): CodeIgniter\BaseModel->findAll()
 8 SYSTEMPATH/CodeIgniter.php(932): App\Controllers\Api->datosEmpresa()
 9 SYSTEMPATH/CodeIgniter.php(497): CodeIgniter\CodeIgniter->runController(Object(App\Controllers\Api))
10 SYSTEMPATH/CodeIgniter.php(366): CodeIgniter\CodeIgniter->handleRequest(null, Object(Config\Cache), false)
11 FCPATH/index.php(67): CodeIgniter\CodeIgniter->run()
DEBUG - 2025-10-21 12:07:17 --> TOTAL DE DATOS empresas: 2
CRITICAL - 2025-10-21 12:07:38 --> Class "Redis" not found
in SYSTEMPATH/Session/Handlers/RedisHandler.php on line 138.
 1 [internal function]: CodeIgniter\Session\Handlers\RedisHandler->open('tcp://127.0.0.1:6379', 'ci_session')
 2 SYSTEMPATH/Session/Session.php(920): session_start()
 3 SYSTEMPATH/Session/Session.php(250): CodeIgniter\Session\Session->startSession()
 4 SYSTEMPATH/Config/Services.php(678): CodeIgniter\Session\Session->start()
 5 SYSTEMPATH/Config/BaseService.php(252): CodeIgniter\Config\Services::session(Object(Config\App), false)
 6 SYSTEMPATH/Config/BaseService.php(193): CodeIgniter\Config\BaseService::__callStatic('session', [...])
 7 SYSTEMPATH/Config/Services.php(645): CodeIgniter\Config\BaseService::getSharedInstance('session', null)
 8 SYSTEMPATH/Config/BaseService.php(252): CodeIgniter\Config\Services::session()
 9 SYSTEMPATH/Common.php(984): CodeIgniter\Config\BaseService::__callStatic('session', [])
10 APPPATH/Controllers/Auth.php(295): session()
11 APPPATH/Controllers/Home.php(21): App\Controllers\Auth->authorizedSession(true)
12 SYSTEMPATH/CodeIgniter.php(904): App\Controllers\Home->__construct()
13 SYSTEMPATH/CodeIgniter.php(488): CodeIgniter\CodeIgniter->createController()
14 SYSTEMPATH/CodeIgniter.php(366): CodeIgniter\CodeIgniter->handleRequest(null, Object(Config\Cache), false)
15 FCPATH/index.php(67): CodeIgniter\CodeIgniter->run()
CRITICAL - 2025-10-21 12:09:03 --> Class "Redis" not found
in SYSTEMPATH/Session/Handlers/RedisHandler.php on line 138.
 1 [internal function]: CodeIgniter\Session\Handlers\RedisHandler->open('tcp://127.0.0.1:6379', 'ci_session')
 2 SYSTEMPATH/Session/Session.php(920): session_start()
 3 SYSTEMPATH/Session/Session.php(250): CodeIgniter\Session\Session->startSession()
 4 SYSTEMPATH/Config/Services.php(678): CodeIgniter\Session\Session->start()
 5 SYSTEMPATH/Config/BaseService.php(252): CodeIgniter\Config\Services::session(Object(Config\App), false)
 6 SYSTEMPATH/Config/BaseService.php(193): CodeIgniter\Config\BaseService::__callStatic('session', [...])
 7 SYSTEMPATH/Config/Services.php(645): CodeIgniter\Config\BaseService::getSharedInstance('session', null)
 8 SYSTEMPATH/Config/BaseService.php(252): CodeIgniter\Config\Services::session()
 9 SYSTEMPATH/Common.php(984): CodeIgniter\Config\BaseService::__callStatic('session', [])
10 APPPATH/Controllers/Auth.php(295): session()
11 APPPATH/Controllers/Home.php(21): App\Controllers\Auth->authorizedSession(true)
12 SYSTEMPATH/CodeIgniter.php(904): App\Controllers\Home->__construct()
13 SYSTEMPATH/CodeIgniter.php(488): CodeIgniter\CodeIgniter->createController()
14 SYSTEMPATH/CodeIgniter.php(366): CodeIgniter\CodeIgniter->handleRequest(null, Object(Config\Cache), false)
15 FCPATH/index.php(67): CodeIgniter\CodeIgniter->run()
CRITICAL - 2025-10-21 13:08:37 --> Class "Redis" not found
in SYSTEMPATH/Session/Handlers/RedisHandler.php on line 138.
 1 [internal function]: CodeIgniter\Session\Handlers\RedisHandler->open('tcp://127.0.0.1:6379', 'ci_session')
 2 SYSTEMPATH/Session/Session.php(920): session_start()
 3 SYSTEMPATH/Session/Session.php(250): CodeIgniter\Session\Session->startSession()
 4 SYSTEMPATH/Config/Services.php(678): CodeIgniter\Session\Session->start()
 5 SYSTEMPATH/Config/BaseService.php(252): CodeIgniter\Config\Services::session(Object(Config\App), false)
 6 SYSTEMPATH/Config/BaseService.php(193): CodeIgniter\Config\BaseService::__callStatic('session', [...])
 7 SYSTEMPATH/Config/Services.php(645): CodeIgniter\Config\BaseService::getSharedInstance('session', null)
 8 SYSTEMPATH/Config/BaseService.php(252): CodeIgniter\Config\Services::session()
 9 SYSTEMPATH/Common.php(984): CodeIgniter\Config\BaseService::__callStatic('session', [])
10 APPPATH/Controllers/Auth.php(295): session()
11 APPPATH/Controllers/Home.php(21): App\Controllers\Auth->authorizedSession(true)
12 SYSTEMPATH/CodeIgniter.php(904): App\Controllers\Home->__construct()
13 SYSTEMPATH/CodeIgniter.php(488): CodeIgniter\CodeIgniter->createController()
14 SYSTEMPATH/CodeIgniter.php(366): CodeIgniter\CodeIgniter->handleRequest(null, Object(Config\Cache), false)
15 FCPATH/index.php(67): CodeIgniter\CodeIgniter->run()
CRITICAL - 2025-10-21 13:14:50 --> Class "Redis" not found
in SYSTEMPATH/Session/Handlers/RedisHandler.php on line 138.
 1 [internal function]: CodeIgniter\Session\Handlers\RedisHandler->open('tcp://127.0.0.1:6379', 'ci_session')
 2 SYSTEMPATH/Session/Session.php(920): session_start()
 3 SYSTEMPATH/Session/Session.php(250): CodeIgniter\Session\Session->startSession()
 4 SYSTEMPATH/Config/Services.php(678): CodeIgniter\Session\Session->start()
 5 SYSTEMPATH/Config/BaseService.php(252): CodeIgniter\Config\Services::session(Object(Config\App), false)
 6 SYSTEMPATH/Config/BaseService.php(193): CodeIgniter\Config\BaseService::__callStatic('session', [...])
 7 SYSTEMPATH/Config/Services.php(645): CodeIgniter\Config\BaseService::getSharedInstance('session', null)
 8 SYSTEMPATH/Config/BaseService.php(252): CodeIgniter\Config\Services::session()
 9 SYSTEMPATH/Common.php(984): CodeIgniter\Config\BaseService::__callStatic('session', [])
10 APPPATH/Controllers/Auth.php(295): session()
11 APPPATH/Controllers/Home.php(21): App\Controllers\Auth->authorizedSession(true)
12 SYSTEMPATH/CodeIgniter.php(904): App\Controllers\Home->__construct()
13 SYSTEMPATH/CodeIgniter.php(488): CodeIgniter\CodeIgniter->createController()
14 SYSTEMPATH/CodeIgniter.php(366): CodeIgniter\CodeIgniter->handleRequest(null, Object(Config\Cache), false)
15 FCPATH/index.php(67): CodeIgniter\CodeIgniter->run()
CRITICAL - 2025-10-21 13:20:16 --> Class "Redis" not found
in SYSTEMPATH/Session/Handlers/RedisHandler.php on line 138.
 1 [internal function]: CodeIgniter\Session\Handlers\RedisHandler->open('tcp://127.0.0.1:6379', 'ci_session')
 2 SYSTEMPATH/Session/Session.php(920): session_start()
 3 SYSTEMPATH/Session/Session.php(250): CodeIgniter\Session\Session->startSession()
 4 SYSTEMPATH/Config/Services.php(678): CodeIgniter\Session\Session->start()
 5 SYSTEMPATH/Config/BaseService.php(252): CodeIgniter\Config\Services::session(Object(Config\App), false)
 6 SYSTEMPATH/Config/BaseService.php(193): CodeIgniter\Config\BaseService::__callStatic('session', [...])
 7 SYSTEMPATH/Config/Services.php(645): CodeIgniter\Config\BaseService::getSharedInstance('session', null)
 8 SYSTEMPATH/Config/BaseService.php(252): CodeIgniter\Config\Services::session()
 9 SYSTEMPATH/Common.php(984): CodeIgniter\Config\BaseService::__callStatic('session', [])
10 APPPATH/Controllers/Auth.php(295): session()
11 APPPATH/Controllers/Home.php(21): App\Controllers\Auth->authorizedSession(true)
12 SYSTEMPATH/CodeIgniter.php(904): App\Controllers\Home->__construct()
13 SYSTEMPATH/CodeIgniter.php(488): CodeIgniter\CodeIgniter->createController()
14 SYSTEMPATH/CodeIgniter.php(366): CodeIgniter\CodeIgniter->handleRequest(null, Object(Config\Cache), false)
15 FCPATH/index.php(67): CodeIgniter\CodeIgniter->run()
CRITICAL - 2025-10-21 13:38:35 --> Class "Redis" not found
in SYSTEMPATH/Session/Handlers/RedisHandler.php on line 138.
 1 [internal function]: CodeIgniter\Session\Handlers\RedisHandler->open('tcp://127.0.0.1:6379', 'ci_session')
 2 SYSTEMPATH/Session/Session.php(920): session_start()
 3 SYSTEMPATH/Session/Session.php(250): CodeIgniter\Session\Session->startSession()
 4 SYSTEMPATH/Config/Services.php(678): CodeIgniter\Session\Session->start()
 5 SYSTEMPATH/Config/BaseService.php(252): CodeIgniter\Config\Services::session(Object(Config\App), false)
 6 SYSTEMPATH/Config/BaseService.php(193): CodeIgniter\Config\BaseService::__callStatic('session', [...])
 7 SYSTEMPATH/Config/Services.php(645): CodeIgniter\Config\BaseService::getSharedInstance('session', null)
 8 SYSTEMPATH/Config/BaseService.php(252): CodeIgniter\Config\Services::session()
 9 SYSTEMPATH/Common.php(984): CodeIgniter\Config\BaseService::__callStatic('session', [])
10 APPPATH/Controllers/Auth.php(295): session()
11 APPPATH/Controllers/Home.php(21): App\Controllers\Auth->authorizedSession(true)
12 SYSTEMPATH/CodeIgniter.php(904): App\Controllers\Home->__construct()
13 SYSTEMPATH/CodeIgniter.php(488): CodeIgniter\CodeIgniter->createController()
14 SYSTEMPATH/CodeIgniter.php(366): CodeIgniter\CodeIgniter->handleRequest(null, Object(Config\Cache), false)
15 FCPATH/index.php(67): CodeIgniter\CodeIgniter->run()
CRITICAL - 2025-10-21 13:52:24 --> Class "Redis" not found
in SYSTEMPATH/Session/Handlers/RedisHandler.php on line 138.
 1 [internal function]: CodeIgniter\Session\Handlers\RedisHandler->open('tcp://127.0.0.1:6379', 'ci_session')
 2 SYSTEMPATH/Session/Session.php(920): session_start()
 3 SYSTEMPATH/Session/Session.php(250): CodeIgniter\Session\Session->startSession()
 4 SYSTEMPATH/Config/Services.php(678): CodeIgniter\Session\Session->start()
 5 SYSTEMPATH/Config/BaseService.php(252): CodeIgniter\Config\Services::session(Object(Config\App), false)
 6 SYSTEMPATH/Config/BaseService.php(193): CodeIgniter\Config\BaseService::__callStatic('session', [...])
 7 SYSTEMPATH/Config/Services.php(645): CodeIgniter\Config\BaseService::getSharedInstance('session', null)
 8 SYSTEMPATH/Config/BaseService.php(252): CodeIgniter\Config\Services::session()
 9 SYSTEMPATH/Common.php(984): CodeIgniter\Config\BaseService::__callStatic('session', [])
10 APPPATH/Controllers/Auth.php(295): session()
11 APPPATH/Controllers/Home.php(21): App\Controllers\Auth->authorizedSession(true)
12 SYSTEMPATH/CodeIgniter.php(904): App\Controllers\Home->__construct()
13 SYSTEMPATH/CodeIgniter.php(488): CodeIgniter\CodeIgniter->createController()
14 SYSTEMPATH/CodeIgniter.php(366): CodeIgniter\CodeIgniter->handleRequest(null, Object(Config\Cache), false)
15 FCPATH/index.php(67): CodeIgniter\CodeIgniter->run()
CRITICAL - 2025-10-21 13:59:51 --> Class "Redis" not found
in SYSTEMPATH/Session/Handlers/RedisHandler.php on line 138.
 1 [internal function]: CodeIgniter\Session\Handlers\RedisHandler->open('tcp://127.0.0.1:6379', 'ci_session')
 2 SYSTEMPATH/Session/Session.php(920): session_start()
 3 SYSTEMPATH/Session/Session.php(250): CodeIgniter\Session\Session->startSession()
 4 SYSTEMPATH/Config/Services.php(678): CodeIgniter\Session\Session->start()
 5 SYSTEMPATH/Config/BaseService.php(252): CodeIgniter\Config\Services::session(Object(Config\App), false)
 6 SYSTEMPATH/Config/BaseService.php(193): CodeIgniter\Config\BaseService::__callStatic('session', [...])
 7 SYSTEMPATH/Config/Services.php(645): CodeIgniter\Config\BaseService::getSharedInstance('session', null)
 8 SYSTEMPATH/Config/BaseService.php(252): CodeIgniter\Config\Services::session()
 9 SYSTEMPATH/Common.php(984): CodeIgniter\Config\BaseService::__callStatic('session', [])
10 APPPATH/Controllers/Auth.php(295): session()
11 APPPATH/Controllers/Home.php(21): App\Controllers\Auth->authorizedSession(true)
12 SYSTEMPATH/CodeIgniter.php(904): App\Controllers\Home->__construct()
13 SYSTEMPATH/CodeIgniter.php(488): CodeIgniter\CodeIgniter->createController()
14 SYSTEMPATH/CodeIgniter.php(366): CodeIgniter\CodeIgniter->handleRequest(null, Object(Config\Cache), false)
15 FCPATH/index.php(67): CodeIgniter\CodeIgniter->run()
DEBUG - 2025-10-21 15:13:47 --> DATOS PARA SESION APP: {"usuario":"superadmin","pass":"hy2692UJ!"}
DEBUG - 2025-10-21 15:13:47 --> Hash generado para password: $2y$10$0EmcdvBEjh7yibc5r8XTb.6h77EgTfUfeOpCxxRda1sWdv/xmaEsO
DEBUG - 2025-10-21 15:15:36 --> DATOS PARA SESION APP: {"usuario":"apiservice","pass":"hy2692UJ!"}
DEBUG - 2025-10-21 15:15:36 --> Hash generado para password: $2y$10$o3tRQ0zqHc9s4nX/wGsUaeE/cDAVjOGqRxb66mqN19Kq3a47c/T7i
CRITICAL - 2025-10-21 16:53:57 --> Class "Redis" not found
in SYSTEMPATH/Session/Handlers/RedisHandler.php on line 138.
 1 [internal function]: CodeIgniter\Session\Handlers\RedisHandler->open('tcp://127.0.0.1:6379', 'ci_session')
 2 SYSTEMPATH/Session/Session.php(920): session_start()
 3 SYSTEMPATH/Session/Session.php(250): CodeIgniter\Session\Session->startSession()
 4 SYSTEMPATH/Config/Services.php(678): CodeIgniter\Session\Session->start()
 5 SYSTEMPATH/Config/BaseService.php(252): CodeIgniter\Config\Services::session(Object(Config\App), false)
 6 SYSTEMPATH/Config/BaseService.php(193): CodeIgniter\Config\BaseService::__callStatic('session', [...])
 7 SYSTEMPATH/Config/Services.php(645): CodeIgniter\Config\BaseService::getSharedInstance('session', null)
 8 SYSTEMPATH/Config/BaseService.php(252): CodeIgniter\Config\Services::session()
 9 SYSTEMPATH/Common.php(984): CodeIgniter\Config\BaseService::__callStatic('session', [])
10 APPPATH/Controllers/Auth.php(295): session()
11 APPPATH/Controllers/Home.php(21): App\Controllers\Auth->authorizedSession(true)
12 SYSTEMPATH/CodeIgniter.php(904): App\Controllers\Home->__construct()
13 SYSTEMPATH/CodeIgniter.php(488): CodeIgniter\CodeIgniter->createController()
14 SYSTEMPATH/CodeIgniter.php(366): CodeIgniter\CodeIgniter->handleRequest(null, Object(Config\Cache), false)
15 FCPATH/index.php(67): CodeIgniter\CodeIgniter->run()
CRITICAL - 2025-10-21 16:57:02 --> Class "Redis" not found
in SYSTEMPATH/Session/Handlers/RedisHandler.php on line 138.
 1 [internal function]: CodeIgniter\Session\Handlers\RedisHandler->open('tcp://127.0.0.1:6379', 'ci_session')
 2 SYSTEMPATH/Session/Session.php(920): session_start()
 3 SYSTEMPATH/Session/Session.php(250): CodeIgniter\Session\Session->startSession()
 4 SYSTEMPATH/Config/Services.php(678): CodeIgniter\Session\Session->start()
 5 SYSTEMPATH/Config/BaseService.php(252): CodeIgniter\Config\Services::session(Object(Config\App), false)
 6 SYSTEMPATH/Config/BaseService.php(193): CodeIgniter\Config\BaseService::__callStatic('session', [...])
 7 SYSTEMPATH/Config/Services.php(645): CodeIgniter\Config\BaseService::getSharedInstance('session', null)
 8 SYSTEMPATH/Config/BaseService.php(252): CodeIgniter\Config\Services::session()
 9 SYSTEMPATH/Common.php(984): CodeIgniter\Config\BaseService::__callStatic('session', [])
10 APPPATH/Controllers/Auth.php(295): session()
11 APPPATH/Controllers/Home.php(21): App\Controllers\Auth->authorizedSession(true)
12 SYSTEMPATH/CodeIgniter.php(904): App\Controllers\Home->__construct()
13 SYSTEMPATH/CodeIgniter.php(488): CodeIgniter\CodeIgniter->createController()
14 SYSTEMPATH/CodeIgniter.php(366): CodeIgniter\CodeIgniter->handleRequest(null, Object(Config\Cache), false)
15 FCPATH/index.php(67): CodeIgniter\CodeIgniter->run()
DEBUG - 2025-10-21 17:45:08 --> DATOS PARA SESION APP: {"usuario":"apiservice","pass":"hy2692UJ!"}
