DEBUG - 2025-11-03 11:01:53 --> DATOS PARA SESION APP: {"usuario":"apiservice","pass":"hy2692UJ!"}
CRITICAL - 2025-11-03 11:28:06 --> Class "Redis" not found
in SYSTEMPATH/Session/Handlers/RedisHandler.php on line 138.
 1 [internal function]: CodeIgniter\Session\Handlers\RedisHandler->open('tcp://127.0.0.1:6379', 'ci_session')
 2 SYSTEMPATH/Session/Session.php(920): session_start()
 3 SYSTEMPATH/Session/Session.php(250): CodeIgniter\Session\Session->startSession()
 4 SYSTEMPATH/Config/Services.php(678): CodeIgniter\Session\Session->start()
 5 SYSTEMPATH/Config/BaseService.php(252): CodeIgniter\Config\Services::session(Object(Config\App), false)
 6 SYSTEMPATH/Config/BaseService.php(193): CodeIgniter\Config\BaseService::__callStatic('session', [...])
 7 SYSTEMPATH/Config/Services.php(645): CodeIgniter\Config\BaseService::getSharedInstance('session', null)
 8 SYSTEMPATH/Config/BaseService.php(252): CodeIgniter\Config\Services::session()
 9 SYSTEMPATH/Common.php(984): CodeIgniter\Config\BaseService::__callStatic('session', [])
10 APPPATH/Controllers/Auth.php(295): session()
11 APPPATH/Controllers/Home.php(21): App\Controllers\Auth->authorizedSession(true)
12 SYSTEMPATH/CodeIgniter.php(904): App\Controllers\Home->__construct()
13 SYSTEMPATH/CodeIgniter.php(488): CodeIgniter\CodeIgniter->createController()
14 SYSTEMPATH/CodeIgniter.php(366): CodeIgniter\CodeIgniter->handleRequest(null, Object(Config\Cache), false)
15 FCPATH/index.php(67): CodeIgniter\CodeIgniter->run()
CRITICAL - 2025-11-03 11:34:17 --> Class "Redis" not found
in SYSTEMPATH/Session/Handlers/RedisHandler.php on line 138.
 1 [internal function]: CodeIgniter\Session\Handlers\RedisHandler->open('tcp://127.0.0.1:6379', 'ci_session')
 2 SYSTEMPATH/Session/Session.php(920): session_start()
 3 SYSTEMPATH/Session/Session.php(250): CodeIgniter\Session\Session->startSession()
 4 SYSTEMPATH/Config/Services.php(678): CodeIgniter\Session\Session->start()
 5 SYSTEMPATH/Config/BaseService.php(252): CodeIgniter\Config\Services::session(Object(Config\App), false)
 6 SYSTEMPATH/Config/BaseService.php(193): CodeIgniter\Config\BaseService::__callStatic('session', [...])
 7 SYSTEMPATH/Config/Services.php(645): CodeIgniter\Config\BaseService::getSharedInstance('session', null)
 8 SYSTEMPATH/Config/BaseService.php(252): CodeIgniter\Config\Services::session()
 9 SYSTEMPATH/Common.php(984): CodeIgniter\Config\BaseService::__callStatic('session', [])
10 APPPATH/Controllers/Auth.php(295): session()
11 APPPATH/Controllers/Home.php(21): App\Controllers\Auth->authorizedSession(true)
12 SYSTEMPATH/CodeIgniter.php(904): App\Controllers\Home->__construct()
13 SYSTEMPATH/CodeIgniter.php(488): CodeIgniter\CodeIgniter->createController()
14 SYSTEMPATH/CodeIgniter.php(366): CodeIgniter\CodeIgniter->handleRequest(null, Object(Config\Cache), false)
15 FCPATH/index.php(67): CodeIgniter\CodeIgniter->run()
CRITICAL - 2025-11-03 14:20:26 --> Class "Redis" not found
in SYSTEMPATH/Session/Handlers/RedisHandler.php on line 138.
 1 [internal function]: CodeIgniter\Session\Handlers\RedisHandler->open('tcp://127.0.0.1:6379', 'ci_session')
 2 SYSTEMPATH/Session/Session.php(920): session_start()
 3 SYSTEMPATH/Session/Session.php(250): CodeIgniter\Session\Session->startSession()
 4 SYSTEMPATH/Config/Services.php(678): CodeIgniter\Session\Session->start()
 5 SYSTEMPATH/Config/BaseService.php(252): CodeIgniter\Config\Services::session(Object(Config\App), false)
 6 SYSTEMPATH/Config/BaseService.php(193): CodeIgniter\Config\BaseService::__callStatic('session', [...])
 7 SYSTEMPATH/Config/Services.php(645): CodeIgniter\Config\BaseService::getSharedInstance('session', null)
 8 SYSTEMPATH/Config/BaseService.php(252): CodeIgniter\Config\Services::session()
 9 SYSTEMPATH/Common.php(984): CodeIgniter\Config\BaseService::__callStatic('session', [])
10 APPPATH/Controllers/Auth.php(295): session()
11 APPPATH/Controllers/Home.php(21): App\Controllers\Auth->authorizedSession(true)
12 SYSTEMPATH/CodeIgniter.php(904): App\Controllers\Home->__construct()
13 SYSTEMPATH/CodeIgniter.php(488): CodeIgniter\CodeIgniter->createController()
14 SYSTEMPATH/CodeIgniter.php(366): CodeIgniter\CodeIgniter->handleRequest(null, Object(Config\Cache), false)
15 FCPATH/index.php(67): CodeIgniter\CodeIgniter->run()
CRITICAL - 2025-11-03 14:20:28 --> Class "Redis" not found
in SYSTEMPATH/Session/Handlers/RedisHandler.php on line 138.
 1 [internal function]: CodeIgniter\Session\Handlers\RedisHandler->open('tcp://127.0.0.1:6379', 'ci_session')
 2 SYSTEMPATH/Session/Session.php(920): session_start()
 3 SYSTEMPATH/Session/Session.php(250): CodeIgniter\Session\Session->startSession()
 4 SYSTEMPATH/Config/Services.php(678): CodeIgniter\Session\Session->start()
 5 SYSTEMPATH/Config/BaseService.php(252): CodeIgniter\Config\Services::session(Object(Config\App), false)
 6 SYSTEMPATH/Config/BaseService.php(193): CodeIgniter\Config\BaseService::__callStatic('session', [...])
 7 SYSTEMPATH/Config/Services.php(645): CodeIgniter\Config\BaseService::getSharedInstance('session', null)
 8 SYSTEMPATH/Config/BaseService.php(252): CodeIgniter\Config\Services::session()
 9 SYSTEMPATH/Common.php(984): CodeIgniter\Config\BaseService::__callStatic('session', [])
10 APPPATH/Controllers/Auth.php(295): session()
11 APPPATH/Controllers/Home.php(21): App\Controllers\Auth->authorizedSession(true)
12 SYSTEMPATH/CodeIgniter.php(904): App\Controllers\Home->__construct()
13 SYSTEMPATH/CodeIgniter.php(488): CodeIgniter\CodeIgniter->createController()
14 SYSTEMPATH/CodeIgniter.php(366): CodeIgniter\CodeIgniter->handleRequest(null, Object(Config\Cache), false)
15 FCPATH/index.php(67): CodeIgniter\CodeIgniter->run()
CRITICAL - 2025-11-03 14:20:33 --> Class "Redis" not found
in SYSTEMPATH/Session/Handlers/RedisHandler.php on line 138.
 1 [internal function]: CodeIgniter\Session\Handlers\RedisHandler->open('tcp://127.0.0.1:6379', 'ci_session')
 2 SYSTEMPATH/Session/Session.php(920): session_start()
 3 SYSTEMPATH/Session/Session.php(250): CodeIgniter\Session\Session->startSession()
 4 SYSTEMPATH/Config/Services.php(678): CodeIgniter\Session\Session->start()
 5 SYSTEMPATH/Config/BaseService.php(252): CodeIgniter\Config\Services::session(Object(Config\App), false)
 6 SYSTEMPATH/Config/BaseService.php(193): CodeIgniter\Config\BaseService::__callStatic('session', [...])
 7 SYSTEMPATH/Config/Services.php(645): CodeIgniter\Config\BaseService::getSharedInstance('session', null)
 8 SYSTEMPATH/Config/BaseService.php(252): CodeIgniter\Config\Services::session()
 9 SYSTEMPATH/Common.php(984): CodeIgniter\Config\BaseService::__callStatic('session', [])
10 APPPATH/Controllers/Auth.php(295): session()
11 APPPATH/Controllers/Home.php(21): App\Controllers\Auth->authorizedSession(true)
12 SYSTEMPATH/CodeIgniter.php(904): App\Controllers\Home->__construct()
13 SYSTEMPATH/CodeIgniter.php(488): CodeIgniter\CodeIgniter->createController()
14 SYSTEMPATH/CodeIgniter.php(366): CodeIgniter\CodeIgniter->handleRequest(null, Object(Config\Cache), false)
15 FCPATH/index.php(67): CodeIgniter\CodeIgniter->run()
CRITICAL - 2025-11-03 14:20:42 --> Class "Redis" not found
in SYSTEMPATH/Session/Handlers/RedisHandler.php on line 138.
 1 [internal function]: CodeIgniter\Session\Handlers\RedisHandler->open('tcp://127.0.0.1:6379', 'ci_session')
 2 SYSTEMPATH/Session/Session.php(920): session_start()
 3 SYSTEMPATH/Session/Session.php(250): CodeIgniter\Session\Session->startSession()
 4 SYSTEMPATH/Config/Services.php(678): CodeIgniter\Session\Session->start()
 5 SYSTEMPATH/Config/BaseService.php(252): CodeIgniter\Config\Services::session(Object(Config\App), false)
 6 SYSTEMPATH/Config/BaseService.php(193): CodeIgniter\Config\BaseService::__callStatic('session', [...])
 7 SYSTEMPATH/Config/Services.php(645): CodeIgniter\Config\BaseService::getSharedInstance('session', null)
 8 SYSTEMPATH/Config/BaseService.php(252): CodeIgniter\Config\Services::session()
 9 SYSTEMPATH/Common.php(984): CodeIgniter\Config\BaseService::__callStatic('session', [])
10 APPPATH/Controllers/Auth.php(295): session()
11 APPPATH/Controllers/Home.php(21): App\Controllers\Auth->authorizedSession(true)
12 SYSTEMPATH/CodeIgniter.php(904): App\Controllers\Home->__construct()
13 SYSTEMPATH/CodeIgniter.php(488): CodeIgniter\CodeIgniter->createController()
14 SYSTEMPATH/CodeIgniter.php(366): CodeIgniter\CodeIgniter->handleRequest(null, Object(Config\Cache), false)
15 FCPATH/index.php(67): CodeIgniter\CodeIgniter->run()
CRITICAL - 2025-11-03 14:28:20 --> Class "Redis" not found
in SYSTEMPATH/Session/Handlers/RedisHandler.php on line 138.
 1 [internal function]: CodeIgniter\Session\Handlers\RedisHandler->open('tcp://127.0.0.1:6379', 'ci_session')
 2 SYSTEMPATH/Session/Session.php(920): session_start()
 3 SYSTEMPATH/Session/Session.php(250): CodeIgniter\Session\Session->startSession()
 4 SYSTEMPATH/Config/Services.php(678): CodeIgniter\Session\Session->start()
 5 SYSTEMPATH/Config/BaseService.php(252): CodeIgniter\Config\Services::session(Object(Config\App), false)
 6 SYSTEMPATH/Config/BaseService.php(193): CodeIgniter\Config\BaseService::__callStatic('session', [...])
 7 SYSTEMPATH/Config/Services.php(645): CodeIgniter\Config\BaseService::getSharedInstance('session', null)
 8 SYSTEMPATH/Config/BaseService.php(252): CodeIgniter\Config\Services::session()
 9 SYSTEMPATH/Common.php(984): CodeIgniter\Config\BaseService::__callStatic('session', [])
10 APPPATH/Controllers/Auth.php(295): session()
11 APPPATH/Controllers/Home.php(21): App\Controllers\Auth->authorizedSession(true)
12 SYSTEMPATH/CodeIgniter.php(904): App\Controllers\Home->__construct()
13 SYSTEMPATH/CodeIgniter.php(488): CodeIgniter\CodeIgniter->createController()
14 SYSTEMPATH/CodeIgniter.php(366): CodeIgniter\CodeIgniter->handleRequest(null, Object(Config\Cache), false)
15 FCPATH/index.php(67): CodeIgniter\CodeIgniter->run()
CRITICAL - 2025-11-03 14:39:53 --> Class "Redis" not found
in SYSTEMPATH/Session/Handlers/RedisHandler.php on line 138.
 1 [internal function]: CodeIgniter\Session\Handlers\RedisHandler->open('tcp://127.0.0.1:6379', 'ci_session')
 2 SYSTEMPATH/Session/Session.php(920): session_start()
 3 SYSTEMPATH/Session/Session.php(250): CodeIgniter\Session\Session->startSession()
 4 SYSTEMPATH/Config/Services.php(678): CodeIgniter\Session\Session->start()
 5 SYSTEMPATH/Config/BaseService.php(252): CodeIgniter\Config\Services::session(Object(Config\App), false)
 6 SYSTEMPATH/Config/BaseService.php(193): CodeIgniter\Config\BaseService::__callStatic('session', [...])
 7 SYSTEMPATH/Config/Services.php(645): CodeIgniter\Config\BaseService::getSharedInstance('session', null)
 8 SYSTEMPATH/Config/BaseService.php(252): CodeIgniter\Config\Services::session()
 9 SYSTEMPATH/Common.php(984): CodeIgniter\Config\BaseService::__callStatic('session', [])
10 APPPATH/Controllers/Auth.php(295): session()
11 APPPATH/Controllers/Home.php(21): App\Controllers\Auth->authorizedSession(true)
12 SYSTEMPATH/CodeIgniter.php(904): App\Controllers\Home->__construct()
13 SYSTEMPATH/CodeIgniter.php(488): CodeIgniter\CodeIgniter->createController()
14 SYSTEMPATH/CodeIgniter.php(366): CodeIgniter\CodeIgniter->handleRequest(null, Object(Config\Cache), false)
15 FCPATH/index.php(67): CodeIgniter\CodeIgniter->run()
CRITICAL - 2025-11-03 14:51:07 --> Class "Redis" not found
in SYSTEMPATH/Session/Handlers/RedisHandler.php on line 138.
 1 [internal function]: CodeIgniter\Session\Handlers\RedisHandler->open('tcp://127.0.0.1:6379', 'ci_session')
 2 SYSTEMPATH/Session/Session.php(920): session_start()
 3 SYSTEMPATH/Session/Session.php(250): CodeIgniter\Session\Session->startSession()
 4 SYSTEMPATH/Config/Services.php(678): CodeIgniter\Session\Session->start()
 5 SYSTEMPATH/Config/BaseService.php(252): CodeIgniter\Config\Services::session(Object(Config\App), false)
 6 SYSTEMPATH/Config/BaseService.php(193): CodeIgniter\Config\BaseService::__callStatic('session', [...])
 7 SYSTEMPATH/Config/Services.php(645): CodeIgniter\Config\BaseService::getSharedInstance('session', null)
 8 SYSTEMPATH/Config/BaseService.php(252): CodeIgniter\Config\Services::session()
 9 SYSTEMPATH/Common.php(984): CodeIgniter\Config\BaseService::__callStatic('session', [])
10 APPPATH/Controllers/Auth.php(295): session()
11 APPPATH/Controllers/Home.php(21): App\Controllers\Auth->authorizedSession(true)
12 SYSTEMPATH/CodeIgniter.php(904): App\Controllers\Home->__construct()
13 SYSTEMPATH/CodeIgniter.php(488): CodeIgniter\CodeIgniter->createController()
14 SYSTEMPATH/CodeIgniter.php(366): CodeIgniter\CodeIgniter->handleRequest(null, Object(Config\Cache), false)
15 FCPATH/index.php(67): CodeIgniter\CodeIgniter->run()
CRITICAL - 2025-11-03 15:18:37 --> Class "Redis" not found
in SYSTEMPATH/Session/Handlers/RedisHandler.php on line 138.
 1 [internal function]: CodeIgniter\Session\Handlers\RedisHandler->open('tcp://127.0.0.1:6379', 'ci_session')
 2 SYSTEMPATH/Session/Session.php(920): session_start()
 3 SYSTEMPATH/Session/Session.php(250): CodeIgniter\Session\Session->startSession()
 4 SYSTEMPATH/Config/Services.php(678): CodeIgniter\Session\Session->start()
 5 SYSTEMPATH/Config/BaseService.php(252): CodeIgniter\Config\Services::session(Object(Config\App), false)
 6 SYSTEMPATH/Config/BaseService.php(193): CodeIgniter\Config\BaseService::__callStatic('session', [...])
 7 SYSTEMPATH/Config/Services.php(645): CodeIgniter\Config\BaseService::getSharedInstance('session', null)
 8 SYSTEMPATH/Config/BaseService.php(252): CodeIgniter\Config\Services::session()
 9 SYSTEMPATH/Common.php(984): CodeIgniter\Config\BaseService::__callStatic('session', [])
10 APPPATH/Controllers/Auth.php(295): session()
11 APPPATH/Controllers/Home.php(21): App\Controllers\Auth->authorizedSession(true)
12 SYSTEMPATH/CodeIgniter.php(904): App\Controllers\Home->__construct()
13 SYSTEMPATH/CodeIgniter.php(488): CodeIgniter\CodeIgniter->createController()
14 SYSTEMPATH/CodeIgniter.php(366): CodeIgniter\CodeIgniter->handleRequest(null, Object(Config\Cache), false)
15 FCPATH/index.php(67): CodeIgniter\CodeIgniter->run()
CRITICAL - 2025-11-03 15:30:10 --> Class "Redis" not found
in SYSTEMPATH/Session/Handlers/RedisHandler.php on line 138.
 1 [internal function]: CodeIgniter\Session\Handlers\RedisHandler->open('tcp://127.0.0.1:6379', 'ci_session')
 2 SYSTEMPATH/Session/Session.php(920): session_start()
 3 SYSTEMPATH/Session/Session.php(250): CodeIgniter\Session\Session->startSession()
 4 SYSTEMPATH/Config/Services.php(678): CodeIgniter\Session\Session->start()
 5 SYSTEMPATH/Config/BaseService.php(252): CodeIgniter\Config\Services::session(Object(Config\App), false)
 6 SYSTEMPATH/Config/BaseService.php(193): CodeIgniter\Config\BaseService::__callStatic('session', [...])
 7 SYSTEMPATH/Config/Services.php(645): CodeIgniter\Config\BaseService::getSharedInstance('session', null)
 8 SYSTEMPATH/Config/BaseService.php(252): CodeIgniter\Config\Services::session()
 9 SYSTEMPATH/Common.php(984): CodeIgniter\Config\BaseService::__callStatic('session', [])
10 APPPATH/Controllers/Auth.php(295): session()
11 APPPATH/Controllers/Home.php(21): App\Controllers\Auth->authorizedSession(true)
12 SYSTEMPATH/CodeIgniter.php(904): App\Controllers\Home->__construct()
13 SYSTEMPATH/CodeIgniter.php(488): CodeIgniter\CodeIgniter->createController()
14 SYSTEMPATH/CodeIgniter.php(366): CodeIgniter\CodeIgniter->handleRequest(null, Object(Config\Cache), false)
15 FCPATH/index.php(67): CodeIgniter\CodeIgniter->run()
CRITICAL - 2025-11-03 15:30:16 --> Class "Redis" not found
in SYSTEMPATH/Session/Handlers/RedisHandler.php on line 138.
 1 [internal function]: CodeIgniter\Session\Handlers\RedisHandler->open('tcp://127.0.0.1:6379', 'ci_session')
 2 SYSTEMPATH/Session/Session.php(920): session_start()
 3 SYSTEMPATH/Session/Session.php(250): CodeIgniter\Session\Session->startSession()
 4 SYSTEMPATH/Config/Services.php(678): CodeIgniter\Session\Session->start()
 5 SYSTEMPATH/Config/BaseService.php(252): CodeIgniter\Config\Services::session(Object(Config\App), false)
 6 SYSTEMPATH/Config/BaseService.php(193): CodeIgniter\Config\BaseService::__callStatic('session', [...])
 7 SYSTEMPATH/Config/Services.php(645): CodeIgniter\Config\BaseService::getSharedInstance('session', null)
 8 SYSTEMPATH/Config/BaseService.php(252): CodeIgniter\Config\Services::session()
 9 SYSTEMPATH/Common.php(984): CodeIgniter\Config\BaseService::__callStatic('session', [])
10 APPPATH/Controllers/Auth.php(295): session()
11 APPPATH/Controllers/Home.php(21): App\Controllers\Auth->authorizedSession(true)
12 SYSTEMPATH/CodeIgniter.php(904): App\Controllers\Home->__construct()
13 SYSTEMPATH/CodeIgniter.php(488): CodeIgniter\CodeIgniter->createController()
14 SYSTEMPATH/CodeIgniter.php(366): CodeIgniter\CodeIgniter->handleRequest(null, Object(Config\Cache), false)
15 FCPATH/index.php(67): CodeIgniter\CodeIgniter->run()
CRITICAL - 2025-11-03 18:28:33 --> Class "Redis" not found
in SYSTEMPATH/Session/Handlers/RedisHandler.php on line 138.
 1 [internal function]: CodeIgniter\Session\Handlers\RedisHandler->open('tcp://127.0.0.1:6379', 'ci_session')
 2 SYSTEMPATH/Session/Session.php(920): session_start()
 3 SYSTEMPATH/Session/Session.php(250): CodeIgniter\Session\Session->startSession()
 4 SYSTEMPATH/Config/Services.php(678): CodeIgniter\Session\Session->start()
 5 SYSTEMPATH/Config/BaseService.php(252): CodeIgniter\Config\Services::session(Object(Config\App), false)
 6 SYSTEMPATH/Config/BaseService.php(193): CodeIgniter\Config\BaseService::__callStatic('session', [...])
 7 SYSTEMPATH/Config/Services.php(645): CodeIgniter\Config\BaseService::getSharedInstance('session', null)
 8 SYSTEMPATH/Config/BaseService.php(252): CodeIgniter\Config\Services::session()
 9 SYSTEMPATH/Common.php(984): CodeIgniter\Config\BaseService::__callStatic('session', [])
10 APPPATH/Controllers/Auth.php(295): session()
11 APPPATH/Controllers/Home.php(21): App\Controllers\Auth->authorizedSession(true)
12 SYSTEMPATH/CodeIgniter.php(904): App\Controllers\Home->__construct()
13 SYSTEMPATH/CodeIgniter.php(488): CodeIgniter\CodeIgniter->createController()
14 SYSTEMPATH/CodeIgniter.php(366): CodeIgniter\CodeIgniter->handleRequest(null, Object(Config\Cache), false)
15 FCPATH/index.php(67): CodeIgniter\CodeIgniter->run()
