DEBUG - 2025-10-28 07:51:47 --> DATOS PARA SESION APP: {"usuario":"apiservice","pass":"hy2692UJ!"}
DEBUG - 2025-10-28 08:35:16 --> DATOS PARA SESION APP: {"usuario":"apiservice","pass":"hy2692UJ!"}
DEBUG - 2025-10-28 08:52:39 --> DATOS PARA SESION APP: {"usuario":"apiservice","pass":"hy2692UJ!"}
DEBUG - 2025-10-28 10:02:41 --> DATOS PARA SESION APP: {"usuario":"apiservice","pass":"hy2692UJ!"}
ERROR - 2025-10-28 10:02:53 --> Error en agendaCliente: Undefined variable $db
DEBUG - 2025-10-28 10:25:38 --> DATOS PARA SESION APP: {"usuario":"apiservice","pass":"hy2692UJ!"}
DEBUG - 2025-10-28 10:25:51 --> TOTAL DE DATOS listaClientes: 1. idEmpresa: 1
CRITICAL - 2025-10-28 11:43:00 --> Cannot redeclare App\Controllers\Api::clientes()
in APPPATH/Controllers/Api.php on line 667.
 1 [internal function]: CodeIgniter\Debug\Exceptions->shutdownHandler()
DEBUG - 2025-10-28 12:24:52 --> DATOS PARA SESION APP: {"usuario":"apiservice","pass":"hy2692UJ!"}
DEBUG - 2025-10-28 14:56:26 --> DATOS PARA SESION APP: {"usuario":"apiservice","pass":"hy2692UJ!"}
DEBUG - 2025-10-28 14:59:09 --> DATOS PARA SESION APP: {"usuario":"apiservice","pass":"hy2692UJ!"}
DEBUG - 2025-10-28 14:59:16 --> TOTAL DE DATOS servicios: 4
DEBUG - 2025-10-28 14:59:29 --> TOTAL DE DATOS servicios: 4
DEBUG - 2025-10-28 14:59:36 --> TOTAL DE DATOS servicios: 4
DEBUG - 2025-10-28 15:38:15 --> DATOS PARA SESION APP: {"usuario":"apiservice","pass":"hy2692UJ!"}
DEBUG - 2025-10-28 15:41:57 --> DATOS PARA SESION APP: {"usuario":"apiservice","pass":"hy2692UJ!"}
DEBUG - 2025-10-28 15:42:01 --> TOTAL DE DATOS servicios: 4
DEBUG - 2025-10-28 15:42:57 --> TOTAL DE DATOS servicios: 4
DEBUG - 2025-10-28 15:57:30 --> DATOS PARA SESION APP: {"usuario":"apiservice","pass":"hy2692UJ!"}
DEBUG - 2025-10-28 17:39:07 --> DATOS PARA SESION APP: {"usuario":"apiservice","pass":"hy2692UJ!"}
CRITICAL - 2025-10-28 21:40:00 --> Class "Redis" not found
in SYSTEMPATH/Session/Handlers/RedisHandler.php on line 138.
 1 [internal function]: CodeIgniter\Session\Handlers\RedisHandler->open('tcp://127.0.0.1:6379', 'ci_session')
 2 SYSTEMPATH/Session/Session.php(920): session_start()
 3 SYSTEMPATH/Session/Session.php(250): CodeIgniter\Session\Session->startSession()
 4 SYSTEMPATH/Config/Services.php(678): CodeIgniter\Session\Session->start()
 5 SYSTEMPATH/Config/BaseService.php(252): CodeIgniter\Config\Services::session(Object(Config\App), false)
 6 SYSTEMPATH/Config/BaseService.php(193): CodeIgniter\Config\BaseService::__callStatic('session', [...])
 7 SYSTEMPATH/Config/Services.php(645): CodeIgniter\Config\BaseService::getSharedInstance('session', null)
 8 SYSTEMPATH/Config/BaseService.php(252): CodeIgniter\Config\Services::session()
 9 SYSTEMPATH/Common.php(984): CodeIgniter\Config\BaseService::__callStatic('session', [])
10 APPPATH/Controllers/Auth.php(295): session()
11 APPPATH/Controllers/Home.php(21): App\Controllers\Auth->authorizedSession(true)
12 SYSTEMPATH/CodeIgniter.php(904): App\Controllers\Home->__construct()
13 SYSTEMPATH/CodeIgniter.php(488): CodeIgniter\CodeIgniter->createController()
14 SYSTEMPATH/CodeIgniter.php(366): CodeIgniter\CodeIgniter->handleRequest(null, Object(Config\Cache), false)
15 FCPATH/index.php(67): CodeIgniter\CodeIgniter->run()
